%EventDef PajeDefineContainerType 1
% Alias string
% ContainerType string
% Name string
%EndEventDef
%EventDef PajeDefineStateType 3
% Alias string
% ContainerType string
% Name string
%EndEventDef
%EventDef PajeDefineEventType 4
% Alias string
% ContainerType string
% Name string
%EndEventDef
%EventDef PajeDefineEntityValue 6
% Alias string
% EntityType string
% Name string
% Color color
%EndEventDef
%EventDef PajeCreateContainer 7
% Time date
% Alias string
% Type string
% Container string
% Name string
%EndEventDef
%EventDef PajeDestroyContainer 8
% Time date
% Name string
% Type string
%EndEventDef
%EventDef PajeSetState 10
% Time date
% Type string
% Container string
% Value string
%EndEventDef
%EventDef PajePushState 11
% Time date
% Type string
% Container string
% Value string
%EndEventDef
%EventDef PajePopState 12
% Time date
% Type string
% Container string
%EndEventDef
%EventDef PajeNewEvent 20
% Time date
% Type string
% Container string
% Value string
%EndEventDef
%EventDef PajeDefineLinkType 41
% Alias string
% Name string
% ContainerType string
% SourceContainerType string
% DestContainerType string
%EndEventDef
%EventDef PajeStartLink 42
% Time date
% Type string
% Container string
% SourceContainer string
% Value string
% Key string
%EndEventDef
%EventDef PajeEndLink 43
% Time date
% Type string
% Container string
% DestContainer string
% Value string
% Key string
%EndEventDef
%EventDef PajeDefineVariableType 50
% Alias string
% Name string
% ContainerType string
%EndEventDef
%EventDef PajeSetVariable 51
% Time date
% Type string
% Container string
% Value double
%EndEventDef
%EventDef PajeAddVariable 52
% Time date
% Type string
% Container string
% Value double
%EndEventDef
%EventDef PajeSubVariable 53
% Time date
% Type string
% Container string
% Value double
%EndEventDef
1 "CT_Program" 0 "Program" 
1 "CT_Process" "CT_Program" "Process" 
1 "CT_Thread" "CT_Process" "Thread" 
3 "ST_Program" "CT_Program" "Program state" 
3 "ST_Process" "CT_Process" "Process state" 
3 "ST_Thread" "CT_Thread" "Thread state" 
6 "STV_FLUSH" "ST_Thread" "EZTrace Flush" "1.0 1.0 1.0"
6 "STV_Blocked" "ST_Thread" "Blocked" "1.0 0.0 0.0"
6 "STV_Working" "ST_Thread" "Working" "0.0 0.0 1.0"
6 "STV_Critical" "ST_Thread" "Critical Section" "0.0 1.0 0.0"
6 "STV_EZTRACE_SYNC" "ST_Thread" "EZTrace synchronization" "1.0 1.0 1.0"
4 "E_SigSegv" "CT_Thread" "SIGNAL Received" 
6 "STV_MPI_Send" "ST_Thread" "Sending" "1.0 0.6 0.0"
6 "STV_MPI_Sendrecv" "ST_Thread" "SendRecv" "1.0 0.6 0.0"
6 "STV_MPI_Recv" "ST_Thread" "Receiving" "0.6 0.1 0.9"
6 "STV_MPI_Waitany" "ST_Thread" "MPI_Waitany" "0.6 0.1 0.9"
6 "STV_MPI_Waitall" "ST_Thread" "MPI_Waitall" "0.6 0.1 0.9"
6 "STV_MPI_Barrier" "ST_Thread" "MPI_Barrier" "1.0 0.0 1.0"
6 "STV_MPI_BCast" "ST_Thread" "MPI_BCast" "1.0 0.0 1.0"
6 "STV_MPI_Gather" "ST_Thread" "MPI_Gather" "1.0 0.0 1.0"
6 "STV_MPI_Scatter" "ST_Thread" "MPI_Scatter" "1.0 0.0 1.0"
6 "STV_MPI_Allgather" "ST_Thread" "MPI_Allgather" "1.0 0.0 1.0"
6 "STV_MPI_Alltoall" "ST_Thread" "MPI_Alltoall" "1.0 0.0 1.0"
6 "STV_MPI_Reduce" "ST_Thread" "MPI_Reduce" "1.0 0.0 1.0"
6 "STV_MPI_Allreduce" "ST_Thread" "MPI_Allreduce" "1.0 0.0 1.0"
6 "STV_MPI_reduce_scatter" "ST_Thread" "MPI_Reduce_scatter" "1.0 0.0 1.0"
6 "STV_MPI_Scan" "ST_Thread" "MPI_Scan" "1.0 0.0 1.0"
6 "STV_MPI_Overlap" "ST_Thread" "MPI_Overlap" "1.0 1.0 0.0"
6 "STV_MPI_Probe" "ST_Thread" "MPI_Probe" "0.6 0.1 0.9"
41 "L_MPI_Coll" "MPI collective communication" "CT_Program" "CT_Thread" "CT_Thread" 
41 "L_MPI_P2P" "MPI point to point communication" "CT_Program" "CT_Thread" "CT_Thread" 
41 "L_MPI_SPAWN" "MPI SPAWN" "CT_Program" "CT_Thread" "CT_Thread" 
4 "E_MPI_CommSend" "CT_Thread" "MPI Send" 
4 "E_MPI_CommRecv" "CT_Thread" "MPI Recv" 
4 "E_MPI_EndComm" "CT_Thread" "End of an MPI communication" 
4 "E_MPI_Probe_success" "CT_Thread" "MPI_Probe" 
4 "E_MPI_Iprobe_success" "CT_Thread" "MPI_IProbe success" 
4 "E_MPI_Iprobe_failed" "CT_Thread" "MPI_IProbe failed" 
7 0.0000000000000e+00 "C_Prog" "CT_Program" 0 "Program"
7 0.0000000000000e+00 "P#0" "CT_Process" "C_Prog" "P#0"
7 0.0000000000000e+00 "P#0_T#501421824" "CT_Thread" "P#0" "P#0_T#501421824"
10 0.0000000000000e+00 "ST_Thread" "P#0_T#501421824" "STV_Working"
7 0.0000000000000e+00 "P#13" "CT_Process" "C_Prog" "P#13"
7 0.0000000000000e+00 "P#13_T#2185987840" "CT_Thread" "P#13" "P#13_T#2185987840"
10 0.0000000000000e+00 "ST_Thread" "P#13_T#2185987840" "STV_Working"
7 0.0000000000000e+00 "P#18" "CT_Process" "C_Prog" "P#18"
7 0.0000000000000e+00 "P#18_T#1991452416" "CT_Thread" "P#18" "P#18_T#1991452416"
10 0.0000000000000e+00 "ST_Thread" "P#18_T#1991452416" "STV_Working"
7 0.0000000000000e+00 "P#5" "CT_Process" "C_Prog" "P#5"
7 0.0000000000000e+00 "P#5_T#2345101056" "CT_Thread" "P#5" "P#5_T#2345101056"
10 0.0000000000000e+00 "ST_Thread" "P#5_T#2345101056" "STV_Working"
7 0.0000000000000e+00 "P#1" "CT_Process" "C_Prog" "P#1"
7 0.0000000000000e+00 "P#1_T#291788544" "CT_Thread" "P#1" "P#1_T#291788544"
10 0.0000000000000e+00 "ST_Thread" "P#1_T#291788544" "STV_Working"
7 0.0000000000000e+00 "P#14" "CT_Process" "C_Prog" "P#14"
7 0.0000000000000e+00 "P#14_T#1313924864" "CT_Thread" "P#14" "P#14_T#1313924864"
10 0.0000000000000e+00 "ST_Thread" "P#14_T#1313924864" "STV_Working"
7 0.0000000000000e+00 "P#19" "CT_Process" "C_Prog" "P#19"
7 0.0000000000000e+00 "P#19_T#936892160" "CT_Thread" "P#19" "P#19_T#936892160"
10 0.0000000000000e+00 "ST_Thread" "P#19_T#936892160" "STV_Working"
7 0.0000000000000e+00 "P#6" "CT_Process" "C_Prog" "P#6"
7 0.0000000000000e+00 "P#6_T#290473728" "CT_Thread" "P#6" "P#6_T#290473728"
10 0.0000000000000e+00 "ST_Thread" "P#6_T#290473728" "STV_Working"
7 0.0000000000000e+00 "P#10" "CT_Process" "C_Prog" "P#10"
7 0.0000000000000e+00 "P#10_T#2102134528" "CT_Thread" "P#10" "P#10_T#2102134528"
10 0.0000000000000e+00 "ST_Thread" "P#10_T#2102134528" "STV_Working"
7 0.0000000000000e+00 "P#15" "CT_Process" "C_Prog" "P#15"
7 0.0000000000000e+00 "P#15_T#1879209728" "CT_Thread" "P#15" "P#15_T#1879209728"
10 0.0000000000000e+00 "ST_Thread" "P#15_T#1879209728" "STV_Working"
7 0.0000000000000e+00 "P#2" "CT_Process" "C_Prog" "P#2"
7 0.0000000000000e+00 "P#2_T#3726354176" "CT_Thread" "P#2" "P#2_T#3726354176"
10 0.0000000000000e+00 "ST_Thread" "P#2_T#3726354176" "STV_Working"
7 0.0000000000000e+00 "P#7" "CT_Process" "C_Prog" "P#7"
7 0.0000000000000e+00 "P#7_T#3720996608" "CT_Thread" "P#7" "P#7_T#3720996608"
10 0.0000000000000e+00 "ST_Thread" "P#7_T#3720996608" "STV_Working"
7 0.0000000000000e+00 "P#11" "CT_Process" "C_Prog" "P#11"
7 0.0000000000000e+00 "P#11_T#4208088832" "CT_Thread" "P#11" "P#11_T#4208088832"
10 0.0000000000000e+00 "ST_Thread" "P#11_T#4208088832" "STV_Working"
7 0.0000000000000e+00 "P#16" "CT_Process" "C_Prog" "P#16"
7 0.0000000000000e+00 "P#16_T#2128221952" "CT_Thread" "P#16" "P#16_T#2128221952"
10 0.0000000000000e+00 "ST_Thread" "P#16_T#2128221952" "STV_Working"
7 0.0000000000000e+00 "P#3" "CT_Process" "C_Prog" "P#3"
7 0.0000000000000e+00 "P#3_T#1049495296" "CT_Thread" "P#3" "P#3_T#1049495296"
10 0.0000000000000e+00 "ST_Thread" "P#3_T#1049495296" "STV_Working"
7 0.0000000000000e+00 "P#8" "CT_Process" "C_Prog" "P#8"
7 0.0000000000000e+00 "P#8_T#974477056" "CT_Thread" "P#8" "P#8_T#974477056"
10 0.0000000000000e+00 "ST_Thread" "P#8_T#974477056" "STV_Working"
7 0.0000000000000e+00 "P#12" "CT_Process" "C_Prog" "P#12"
7 0.0000000000000e+00 "P#12_T#3253004032" "CT_Thread" "P#12" "P#12_T#3253004032"
10 0.0000000000000e+00 "ST_Thread" "P#12_T#3253004032" "STV_Working"
7 0.0000000000000e+00 "P#17" "CT_Process" "C_Prog" "P#17"
7 0.0000000000000e+00 "P#17_T#4140701440" "CT_Thread" "P#17" "P#17_T#4140701440"
10 0.0000000000000e+00 "ST_Thread" "P#17_T#4140701440" "STV_Working"
7 0.0000000000000e+00 "P#4" "CT_Process" "C_Prog" "P#4"
7 0.0000000000000e+00 "P#4_T#3887265536" "CT_Thread" "P#4" "P#4_T#3887265536"
10 0.0000000000000e+00 "ST_Thread" "P#4_T#3887265536" "STV_Working"
7 0.0000000000000e+00 "P#9" "CT_Process" "C_Prog" "P#9"
7 0.0000000000000e+00 "P#9_T#2060732160" "CT_Thread" "P#9" "P#9_T#2060732160"
10 0.0000000000000e+00 "ST_Thread" "P#9_T#2060732160" "STV_Working"
11 3.9830000000000e-03 "ST_Thread" "P#8_T#974477056" "STV_MPI_Recv"
11 4.1480000000000e-03 "ST_Thread" "P#4_T#3887265536" "STV_MPI_Recv"
11 4.2560000000000e-03 "ST_Thread" "P#19_T#936892160" "STV_MPI_Recv"
11 4.5470000000000e-03 "ST_Thread" "P#3_T#1049495296" "STV_MPI_Recv"
11 4.8020000000000e-03 "ST_Thread" "P#12_T#3253004032" "STV_MPI_Recv"
11 5.2040000000000e-03 "ST_Thread" "P#6_T#290473728" "STV_MPI_Recv"
11 5.2400000000000e-03 "ST_Thread" "P#1_T#291788544" "STV_MPI_Recv"
11 5.2660000000000e-03 "ST_Thread" "P#17_T#4140701440" "STV_MPI_Recv"
11 5.4840000000000e-03 "ST_Thread" "P#9_T#2060732160" "STV_MPI_Recv"
11 5.6020000000000e-03 "ST_Thread" "P#11_T#4208088832" "STV_MPI_Recv"
11 5.6900000000000e-03 "ST_Thread" "P#16_T#2128221952" "STV_MPI_Recv"
11 5.7720000000000e-03 "ST_Thread" "P#13_T#2185987840" "STV_MPI_Recv"
11 5.8670000000000e-03 "ST_Thread" "P#14_T#1313924864" "STV_MPI_Recv"
11 5.9590000000000e-03 "ST_Thread" "P#18_T#1991452416" "STV_MPI_Recv"
11 6.0310000000000e-03 "ST_Thread" "P#10_T#2102134528" "STV_MPI_Recv"
11 6.0840000000000e-03 "ST_Thread" "P#15_T#1879209728" "STV_MPI_Recv"
11 6.0920000000000e-03 "ST_Thread" "P#7_T#3720996608" "STV_MPI_Recv"
11 6.3790000000000e-03 "ST_Thread" "P#2_T#3726354176" "STV_MPI_Recv"
11 7.9000000000000e-03 "ST_Thread" "P#5_T#2345101056" "STV_MPI_Recv"
11 1.5530193000000e+01 "ST_Thread" "P#0_T#501421824" "STV_MPI_Send"
42 1.5530193000000e+01 "L_MPI_P2P" "C_Prog" "P#0_T#501421824" "src=0, dest=1, len=800, tag=0" "0_1_                   0_0x6b6460"
12 1.5539608000000e+01 "ST_Thread" "P#0_T#501421824"
11 1.5541167000000e+01 "ST_Thread" "P#0_T#501421824" "STV_MPI_Recv"
11 1.6074581000000e+01 "ST_Thread" "P#2_T#3726354176" "STV_EZTRACE_SYNC"
11 1.6171265000000e+01 "ST_Thread" "P#4_T#3887265536" "STV_EZTRACE_SYNC"
11 1.6315488000000e+01 "ST_Thread" "P#6_T#290473728" "STV_EZTRACE_SYNC"
11 1.6348160000000e+01 "ST_Thread" "P#8_T#974477056" "STV_EZTRACE_SYNC"
43 1.6401628000000e+01 "L_MPI_P2P" "C_Prog" "P#1_T#291788544" "src=0, dest=1, len=800, tag=0" "0_1_                   0_0x6b6460"
20 1.6401628000000e+01 "E_MPI_EndComm" "P#1_T#291788544" "duration = 871.434998 us -- len=800 bytes -- throughput=0.918026 MB/s"
12 1.6401628000000e+01 "ST_Thread" "P#1_T#291788544"
11 1.6403576000000e+01 "ST_Thread" "P#1_T#291788544" "STV_MPI_Send"
12 1.6403576000000e+01 "ST_Thread" "P#2_T#3726354176"
42 1.6403576000000e+01 "L_MPI_P2P" "C_Prog" "P#1_T#291788544" "src=1, dest=2, len=800, tag=0" "1_2_                   0_0x6d1080"
43 1.6403576000000e+01 "L_MPI_P2P" "C_Prog" "P#2_T#3726354176" "src=1, dest=2, len=800, tag=0" "1_2_                   0_0x6d1080"
12 1.6403576000000e+01 "ST_Thread" "P#2_T#3726354176"
11 1.6405981000000e+01 "ST_Thread" "P#2_T#3726354176" "STV_MPI_Send"
42 1.6405981000000e+01 "L_MPI_P2P" "C_Prog" "P#2_T#3726354176" "src=2, dest=3, len=800, tag=0" "2_3_                   0_0x6ebfd0"
12 1.6408183000000e+01 "ST_Thread" "P#1_T#291788544"
12 1.6411040000000e+01 "ST_Thread" "P#2_T#3726354176"
11 1.6414389000000e+01 "ST_Thread" "P#1_T#291788544" "STV_MPI_Recv"
11 1.6415004000000e+01 "ST_Thread" "P#2_T#3726354176" "STV_MPI_Recv"
11 1.6462116000000e+01 "ST_Thread" "P#10_T#2102134528" "STV_EZTRACE_SYNC"
43 1.6474473000000e+01 "L_MPI_P2P" "C_Prog" "P#3_T#1049495296" "src=2, dest=3, len=800, tag=0" "2_3_                   0_0x6ebfd0"
20 1.6474473000000e+01 "E_MPI_EndComm" "P#3_T#1049495296" "duration = 68.491997 us -- len=800 bytes -- throughput=11.680197 MB/s"
12 1.6474473000000e+01 "ST_Thread" "P#3_T#1049495296"
11 1.6476995000000e+01 "ST_Thread" "P#3_T#1049495296" "STV_MPI_Send"
12 1.6476995000000e+01 "ST_Thread" "P#4_T#3887265536"
42 1.6476995000000e+01 "L_MPI_P2P" "C_Prog" "P#3_T#1049495296" "src=3, dest=4, len=800, tag=0" "3_4_                   0_0x706f20"
43 1.6476995000000e+01 "L_MPI_P2P" "C_Prog" "P#4_T#3887265536" "src=3, dest=4, len=800, tag=0" "3_4_                   0_0x706f20"
12 1.6476995000000e+01 "ST_Thread" "P#4_T#3887265536"
11 1.6478895000000e+01 "ST_Thread" "P#4_T#3887265536" "STV_MPI_Send"
42 1.6478895000000e+01 "L_MPI_P2P" "C_Prog" "P#4_T#3887265536" "src=4, dest=5, len=800, tag=0" "4_5_                   0_0x721e10"
12 1.6482564000000e+01 "ST_Thread" "P#3_T#1049495296"
12 1.6483123000000e+01 "ST_Thread" "P#4_T#3887265536"
11 1.6486328000000e+01 "ST_Thread" "P#4_T#3887265536" "STV_MPI_Recv"
11 1.6486947000000e+01 "ST_Thread" "P#3_T#1049495296" "STV_MPI_Recv"
11 1.6542351000000e+01 "ST_Thread" "P#12_T#3253004032" "STV_EZTRACE_SYNC"
11 1.6574916000000e+01 "ST_Thread" "P#14_T#1313924864" "STV_EZTRACE_SYNC"
43 1.6638311000000e+01 "L_MPI_P2P" "C_Prog" "P#5_T#2345101056" "src=4, dest=5, len=800, tag=0" "4_5_                   0_0x721e10"
20 1.6638311000000e+01 "E_MPI_EndComm" "P#5_T#2345101056" "duration = 159.416000 us -- len=800 bytes -- throughput=5.018317 MB/s"
12 1.6638311000000e+01 "ST_Thread" "P#5_T#2345101056"
11 1.6640563000000e+01 "ST_Thread" "P#5_T#2345101056" "STV_MPI_Send"
12 1.6640563000000e+01 "ST_Thread" "P#6_T#290473728"
42 1.6640563000000e+01 "L_MPI_P2P" "C_Prog" "P#5_T#2345101056" "src=5, dest=6, len=800, tag=0" "5_6_                   0_0x73cd60"
43 1.6640563000000e+01 "L_MPI_P2P" "C_Prog" "P#6_T#290473728" "src=5, dest=6, len=800, tag=0" "5_6_                   0_0x73cd60"
12 1.6640563000000e+01 "ST_Thread" "P#6_T#290473728"
11 1.6642761000000e+01 "ST_Thread" "P#6_T#290473728" "STV_MPI_Send"
42 1.6642761000000e+01 "L_MPI_P2P" "C_Prog" "P#6_T#290473728" "src=6, dest=7, len=800, tag=0" "6_7_                   0_0x757c50"
12 1.6645928000000e+01 "ST_Thread" "P#5_T#2345101056"
12 1.6647130000000e+01 "ST_Thread" "P#6_T#290473728"
11 1.6650068000000e+01 "ST_Thread" "P#5_T#2345101056" "STV_MPI_Recv"
11 1.6650726000000e+01 "ST_Thread" "P#6_T#290473728" "STV_MPI_Recv"
43 1.6728594000000e+01 "L_MPI_P2P" "C_Prog" "P#7_T#3720996608" "src=6, dest=7, len=800, tag=0" "6_7_                   0_0x757c50"
20 1.6728594000000e+01 "E_MPI_EndComm" "P#7_T#3720996608" "duration = 85.833000 us -- len=800 bytes -- throughput=9.320424 MB/s"
12 1.6728594000000e+01 "ST_Thread" "P#7_T#3720996608"
11 1.6730746000000e+01 "ST_Thread" "P#7_T#3720996608" "STV_MPI_Send"
12 1.6730746000000e+01 "ST_Thread" "P#8_T#974477056"
42 1.6730746000000e+01 "L_MPI_P2P" "C_Prog" "P#7_T#3720996608" "src=7, dest=8, len=800, tag=0" "7_8_                   0_0x772ba0"
43 1.6730746000000e+01 "L_MPI_P2P" "C_Prog" "P#8_T#974477056" "src=7, dest=8, len=800, tag=0" "7_8_                   0_0x772ba0"
12 1.6730746000000e+01 "ST_Thread" "P#8_T#974477056"
11 1.6733516000000e+01 "ST_Thread" "P#8_T#974477056" "STV_MPI_Send"
42 1.6733516000000e+01 "L_MPI_P2P" "C_Prog" "P#8_T#974477056" "src=8, dest=9, len=800, tag=0" "8_9_                   0_0x78daf0"
12 1.6735431000000e+01 "ST_Thread" "P#7_T#3720996608"
12 1.6738093000000e+01 "ST_Thread" "P#8_T#974477056"
11 1.6739347000000e+01 "ST_Thread" "P#7_T#3720996608" "STV_MPI_Recv"
11 1.6741536000000e+01 "ST_Thread" "P#8_T#974477056" "STV_MPI_Recv"
43 1.6748669000000e+01 "L_MPI_P2P" "C_Prog" "P#9_T#2060732160" "src=8, dest=9, len=800, tag=0" "8_9_                   0_0x78daf0"
20 1.6748669000000e+01 "E_MPI_EndComm" "P#9_T#2060732160" "duration = 15.153000 us -- len=800 bytes -- throughput=52.794827 MB/s"
12 1.6748669000000e+01 "ST_Thread" "P#9_T#2060732160"
11 1.6750599000000e+01 "ST_Thread" "P#9_T#2060732160" "STV_MPI_Send"
12 1.6750599000000e+01 "ST_Thread" "P#10_T#2102134528"
42 1.6750599000000e+01 "L_MPI_P2P" "C_Prog" "P#9_T#2060732160" "src=9, dest=10, len=800, tag=0" "9_10_                   0_0x7a8a40"
43 1.6750599000000e+01 "L_MPI_P2P" "C_Prog" "P#10_T#2102134528" "src=9, dest=10, len=800, tag=0" "9_10_                   0_0x7a8a40"
12 1.6750599000000e+01 "ST_Thread" "P#10_T#2102134528"
11 1.6752408000000e+01 "ST_Thread" "P#10_T#2102134528" "STV_MPI_Send"
42 1.6752408000000e+01 "L_MPI_P2P" "C_Prog" "P#10_T#2102134528" "src=10, dest=11, len=800, tag=0" "10_11_                   0_0x7c3990"
11 1.6752665000000e+01 "ST_Thread" "P#16_T#2128221952" "STV_EZTRACE_SYNC"
12 1.6754640000000e+01 "ST_Thread" "P#9_T#2060732160"
12 1.6756798000000e+01 "ST_Thread" "P#10_T#2102134528"
11 1.6759990000000e+01 "ST_Thread" "P#9_T#2060732160" "STV_MPI_Recv"
11 1.6760203000000e+01 "ST_Thread" "P#10_T#2102134528" "STV_MPI_Recv"
11 1.6806435000000e+01 "ST_Thread" "P#18_T#1991452416" "STV_EZTRACE_SYNC"
43 1.6881596000000e+01 "L_MPI_P2P" "C_Prog" "P#11_T#4208088832" "src=10, dest=11, len=800, tag=0" "10_11_                   0_0x7c3990"
20 1.6881596000000e+01 "E_MPI_EndComm" "P#11_T#4208088832" "duration = 129.188004 us -- len=800 bytes -- throughput=6.192525 MB/s"
12 1.6881596000000e+01 "ST_Thread" "P#11_T#4208088832"
11 1.6883751000000e+01 "ST_Thread" "P#11_T#4208088832" "STV_MPI_Send"
12 1.6883751000000e+01 "ST_Thread" "P#12_T#3253004032"
43 1.6883751000000e+01 "L_MPI_P2P" "C_Prog" "P#12_T#3253004032" "src=11, dest=12, len=800, tag=0" "11_12_                   0_0x7de8e0"
12 1.6883751000000e+01 "ST_Thread" "P#12_T#3253004032"
42 1.6883752000000e+01 "L_MPI_P2P" "C_Prog" "P#11_T#4208088832" "src=11, dest=12, len=800, tag=0" "11_12_                   0_0x7de8e0"
11 1.6885882000000e+01 "ST_Thread" "P#12_T#3253004032" "STV_MPI_Send"
42 1.6885882000000e+01 "L_MPI_P2P" "C_Prog" "P#12_T#3253004032" "src=12, dest=13, len=800, tag=0" "12_13_                   0_0x7f9830"
12 1.6888324000000e+01 "ST_Thread" "P#11_T#4208088832"
12 1.6890347000000e+01 "ST_Thread" "P#12_T#3253004032"
11 1.6891801000000e+01 "ST_Thread" "P#11_T#4208088832" "STV_MPI_Recv"
11 1.6893842000000e+01 "ST_Thread" "P#12_T#3253004032" "STV_MPI_Recv"
11 1.6918300000000e+01 "ST_Thread" "P#0_T#501421824" "STV_EZTRACE_SYNC"
43 1.6986864000000e+01 "L_MPI_P2P" "C_Prog" "P#13_T#2185987840" "src=12, dest=13, len=800, tag=0" "12_13_                   0_0x7f9830"
20 1.6986864000000e+01 "E_MPI_EndComm" "P#13_T#2185987840" "duration = 100.982002 us -- len=800 bytes -- throughput=7.922204 MB/s"
12 1.6986864000000e+01 "ST_Thread" "P#13_T#2185987840"
42 1.6988796000000e+01 "L_MPI_P2P" "C_Prog" "P#13_T#2185987840" "src=13, dest=14, len=800, tag=0" "13_14_                   0_0x8145a0"
11 1.6988797000000e+01 "ST_Thread" "P#13_T#2185987840" "STV_MPI_Send"
12 1.6988797000000e+01 "ST_Thread" "P#14_T#1313924864"
43 1.6988797000000e+01 "L_MPI_P2P" "C_Prog" "P#14_T#1313924864" "src=13, dest=14, len=800, tag=0" "13_14_                   0_0x8145a0"
12 1.6988797000000e+01 "ST_Thread" "P#14_T#1313924864"
11 1.6990628000000e+01 "ST_Thread" "P#14_T#1313924864" "STV_MPI_Send"
42 1.6990628000000e+01 "L_MPI_P2P" "C_Prog" "P#14_T#1313924864" "src=14, dest=15, len=800, tag=0" "14_15_                   0_0x82f4f0"
12 1.6993688000000e+01 "ST_Thread" "P#13_T#2185987840"
12 1.6994605000000e+01 "ST_Thread" "P#14_T#1313924864"
11 1.6996947000000e+01 "ST_Thread" "P#13_T#2185987840" "STV_MPI_Recv"
11 1.6997958000000e+01 "ST_Thread" "P#14_T#1313924864" "STV_MPI_Recv"
43 1.7028280000000e+01 "L_MPI_P2P" "C_Prog" "P#15_T#1879209728" "src=14, dest=15, len=800, tag=0" "14_15_                   0_0x82f4f0"
20 1.7028280000000e+01 "E_MPI_EndComm" "P#15_T#1879209728" "duration = 37.652000 us -- len=800 bytes -- throughput=21.247211 MB/s"
12 1.7028280000000e+01 "ST_Thread" "P#15_T#1879209728"
42 1.7030512000000e+01 "L_MPI_P2P" "C_Prog" "P#15_T#1879209728" "src=15, dest=16, len=800, tag=0" "15_16_                   0_0x84a440"
11 1.7030513000000e+01 "ST_Thread" "P#15_T#1879209728" "STV_MPI_Send"
12 1.7030513000000e+01 "ST_Thread" "P#16_T#2128221952"
43 1.7030513000000e+01 "L_MPI_P2P" "C_Prog" "P#16_T#2128221952" "src=15, dest=16, len=800, tag=0" "15_16_                   0_0x84a440"
12 1.7030513000000e+01 "ST_Thread" "P#16_T#2128221952"
11 1.7032546000000e+01 "ST_Thread" "P#16_T#2128221952" "STV_MPI_Send"
42 1.7032546000000e+01 "L_MPI_P2P" "C_Prog" "P#16_T#2128221952" "src=16, dest=17, len=800, tag=0" "16_17_                   0_0x865060"
12 1.7035501000000e+01 "ST_Thread" "P#15_T#1879209728"
11 1.7038709000000e+01 "ST_Thread" "P#15_T#1879209728" "STV_MPI_Recv"
12 1.7044754000000e+01 "ST_Thread" "P#16_T#2128221952"
11 1.7048313000000e+01 "ST_Thread" "P#16_T#2128221952" "STV_MPI_Recv"
43 1.7154914000000e+01 "L_MPI_P2P" "C_Prog" "P#17_T#4140701440" "src=16, dest=17, len=800, tag=0" "16_17_                   0_0x865060"
20 1.7154914000000e+01 "E_MPI_EndComm" "P#17_T#4140701440" "duration = 122.367996 us -- len=800 bytes -- throughput=6.537657 MB/s"
12 1.7154914000000e+01 "ST_Thread" "P#17_T#4140701440"
42 1.7156936000000e+01 "L_MPI_P2P" "C_Prog" "P#17_T#4140701440" "src=17, dest=18, len=800, tag=0" "17_18_                   0_0x87ffb0"
11 1.7156937000000e+01 "ST_Thread" "P#17_T#4140701440" "STV_MPI_Send"
12 1.7156937000000e+01 "ST_Thread" "P#18_T#1991452416"
43 1.7156937000000e+01 "L_MPI_P2P" "C_Prog" "P#18_T#1991452416" "src=17, dest=18, len=800, tag=0" "17_18_                   0_0x87ffb0"
12 1.7156937000000e+01 "ST_Thread" "P#18_T#1991452416"
11 1.7159335000000e+01 "ST_Thread" "P#18_T#1991452416" "STV_MPI_Send"
42 1.7159336000000e+01 "L_MPI_P2P" "C_Prog" "P#18_T#1991452416" "src=18, dest=19, len=800, tag=0" "18_19_                   0_0x89af00"
12 1.7163015000000e+01 "ST_Thread" "P#17_T#4140701440"
12 1.7164976000000e+01 "ST_Thread" "P#18_T#1991452416"
11 1.7166797000000e+01 "ST_Thread" "P#17_T#4140701440" "STV_MPI_Recv"
11 1.7168429000000e+01 "ST_Thread" "P#18_T#1991452416" "STV_MPI_Recv"
43 1.7209106000000e+01 "L_MPI_P2P" "C_Prog" "P#19_T#936892160" "src=18, dest=19, len=800, tag=0" "18_19_                   0_0x89af00"
20 1.7209106000000e+01 "E_MPI_EndComm" "P#19_T#936892160" "duration = 49.770000 us -- len=800 bytes -- throughput=16.073940 MB/s"
12 1.7209106000000e+01 "ST_Thread" "P#19_T#936892160"
42 1.7211184000000e+01 "L_MPI_P2P" "C_Prog" "P#19_T#936892160" "src=19, dest=0, len=800, tag=0" "19_0_                   0_0x69b510"
11 1.7211185000000e+01 "ST_Thread" "P#19_T#936892160" "STV_MPI_Send"
12 1.7211185000000e+01 "ST_Thread" "P#0_T#501421824"
43 1.7211185000000e+01 "L_MPI_P2P" "C_Prog" "P#0_T#501421824" "src=19, dest=0, len=800, tag=0" "19_0_                   0_0x69b510"
12 1.7211185000000e+01 "ST_Thread" "P#0_T#501421824"
12 1.7215214000000e+01 "ST_Thread" "P#19_T#936892160"
11 1.7218842000000e+01 "ST_Thread" "P#19_T#936892160" "STV_MPI_Recv"
42 1.7241612000000e+01 "L_MPI_P2P" "C_Prog" "P#0_T#501421824" "src=0, dest=1, len=8000, tag=0" "0_1_                   0_0x6b64d8"
11 1.7241613000000e+01 "ST_Thread" "P#0_T#501421824" "STV_MPI_Send"
12 1.7341181000000e+01 "ST_Thread" "P#0_T#501421824"
11 1.7341638000000e+01 "ST_Thread" "P#0_T#501421824" "STV_MPI_Recv"
43 1.7415887000000e+01 "L_MPI_P2P" "C_Prog" "P#1_T#291788544" "src=0, dest=1, len=8000, tag=0" "0_1_                   0_0x6b64d8"
20 1.7415887000000e+01 "E_MPI_EndComm" "P#1_T#291788544" "duration = 174.274994 us -- len=8000 bytes -- throughput=45.904465 MB/s"
12 1.7415887000000e+01 "ST_Thread" "P#1_T#291788544"
11 1.7416227000000e+01 "ST_Thread" "P#1_T#291788544" "STV_MPI_Send"
42 1.7416228000000e+01 "L_MPI_P2P" "C_Prog" "P#1_T#291788544" "src=1, dest=2, len=8000, tag=0" "1_2_                   0_0x6d10f8"
43 1.7433442000000e+01 "L_MPI_P2P" "C_Prog" "P#2_T#3726354176" "src=1, dest=2, len=8000, tag=0" "1_2_                   0_0x6d10f8"
20 1.7433442000000e+01 "E_MPI_EndComm" "P#2_T#3726354176" "duration = 17.214001 us -- len=8000 bytes -- throughput=464.737976 MB/s"
12 1.7433442000000e+01 "ST_Thread" "P#2_T#3726354176"
11 1.7433822000000e+01 "ST_Thread" "P#2_T#3726354176" "STV_MPI_Send"
42 1.7433822000000e+01 "L_MPI_P2P" "C_Prog" "P#2_T#3726354176" "src=2, dest=3, len=8000, tag=0" "2_3_                   0_0x6ec048"
12 1.7486246000000e+01 "ST_Thread" "P#2_T#3726354176"
11 1.7490356000000e+01 "ST_Thread" "P#2_T#3726354176" "STV_MPI_Recv"
12 1.7494006000000e+01 "ST_Thread" "P#1_T#291788544"
11 1.7500330000000e+01 "ST_Thread" "P#1_T#291788544" "STV_MPI_Recv"
43 1.7519102000000e+01 "L_MPI_P2P" "C_Prog" "P#3_T#1049495296" "src=2, dest=3, len=8000, tag=0" "2_3_                   0_0x6ec048"
20 1.7519102000000e+01 "E_MPI_EndComm" "P#3_T#1049495296" "duration = 85.279999 us -- len=8000 bytes -- throughput=93.808632 MB/s"
12 1.7519102000000e+01 "ST_Thread" "P#3_T#1049495296"
11 1.7519551000000e+01 "ST_Thread" "P#3_T#1049495296" "STV_MPI_Send"
42 1.7519552000000e+01 "L_MPI_P2P" "C_Prog" "P#3_T#1049495296" "src=3, dest=4, len=8000, tag=0" "3_4_                   0_0x706f98"
43 1.7541449000000e+01 "L_MPI_P2P" "C_Prog" "P#4_T#3887265536" "src=3, dest=4, len=8000, tag=0" "3_4_                   0_0x706f98"
20 1.7541449000000e+01 "E_MPI_EndComm" "P#4_T#3887265536" "duration = 21.896999 us -- len=8000 bytes -- throughput=365.346863 MB/s"
12 1.7541449000000e+01 "ST_Thread" "P#4_T#3887265536"
42 1.7541800000000e+01 "L_MPI_P2P" "C_Prog" "P#4_T#3887265536" "src=4, dest=5, len=8000, tag=0" "4_5_                   0_0x721e88"
11 1.7541801000000e+01 "ST_Thread" "P#4_T#3887265536" "STV_MPI_Send"
12 1.7584144000000e+01 "ST_Thread" "P#3_T#1049495296"
11 1.7588103000000e+01 "ST_Thread" "P#3_T#1049495296" "STV_MPI_Recv"
12 1.7588205000000e+01 "ST_Thread" "P#4_T#3887265536"
11 1.7591335000000e+01 "ST_Thread" "P#4_T#3887265536" "STV_MPI_Recv"
43 1.7695975000000e+01 "L_MPI_P2P" "C_Prog" "P#5_T#2345101056" "src=4, dest=5, len=8000, tag=0" "4_5_                   0_0x721e88"
20 1.7695975000000e+01 "E_MPI_EndComm" "P#5_T#2345101056" "duration = 154.175003 us -- len=8000 bytes -- throughput=51.889088 MB/s"
12 1.7695975000000e+01 "ST_Thread" "P#5_T#2345101056"
11 1.7696315000000e+01 "ST_Thread" "P#5_T#2345101056" "STV_MPI_Send"
42 1.7696316000000e+01 "L_MPI_P2P" "C_Prog" "P#5_T#2345101056" "src=5, dest=6, len=8000, tag=0" "5_6_                   0_0x73cdd8"
43 1.7703180000000e+01 "L_MPI_P2P" "C_Prog" "P#6_T#290473728" "src=5, dest=6, len=8000, tag=0" "5_6_                   0_0x73cdd8"
20 1.7703180000000e+01 "E_MPI_EndComm" "P#6_T#290473728" "duration = 6.864000 us -- len=8000 bytes -- throughput=1165.501221 MB/s"
12 1.7703180000000e+01 "ST_Thread" "P#6_T#290473728"
42 1.7703560000000e+01 "L_MPI_P2P" "C_Prog" "P#6_T#290473728" "src=6, dest=7, len=8000, tag=0" "6_7_                   0_0x757cc8"
11 1.7703561000000e+01 "ST_Thread" "P#6_T#290473728" "STV_MPI_Send"
12 1.7738814000000e+01 "ST_Thread" "P#5_T#2345101056"
11 1.7742661000000e+01 "ST_Thread" "P#5_T#2345101056" "STV_MPI_Recv"
12 1.7763676000000e+01 "ST_Thread" "P#6_T#290473728"
11 1.7766742000000e+01 "ST_Thread" "P#6_T#290473728" "STV_MPI_Recv"
43 1.7785824000000e+01 "L_MPI_P2P" "C_Prog" "P#7_T#3720996608" "src=6, dest=7, len=8000, tag=0" "6_7_                   0_0x757cc8"
20 1.7785824000000e+01 "E_MPI_EndComm" "P#7_T#3720996608" "duration = 82.264000 us -- len=8000 bytes -- throughput=97.247887 MB/s"
12 1.7785824000000e+01 "ST_Thread" "P#7_T#3720996608"
11 1.7786222000000e+01 "ST_Thread" "P#7_T#3720996608" "STV_MPI_Send"
42 1.7786222000000e+01 "L_MPI_P2P" "C_Prog" "P#7_T#3720996608" "src=7, dest=8, len=8000, tag=0" "7_8_                   0_0x772c18"
43 1.7814488000000e+01 "L_MPI_P2P" "C_Prog" "P#8_T#974477056" "src=7, dest=8, len=8000, tag=0" "7_8_                   0_0x772c18"
20 1.7814488000000e+01 "E_MPI_EndComm" "P#8_T#974477056" "duration = 28.266001 us -- len=8000 bytes -- throughput=283.025543 MB/s"
12 1.7814488000000e+01 "ST_Thread" "P#8_T#974477056"
11 1.7814918000000e+01 "ST_Thread" "P#8_T#974477056" "STV_MPI_Send"
42 1.7814918000000e+01 "L_MPI_P2P" "C_Prog" "P#8_T#974477056" "src=8, dest=9, len=8000, tag=0" "8_9_                   0_0x78db68"
43 1.7839760000000e+01 "L_MPI_P2P" "C_Prog" "P#9_T#2060732160" "src=8, dest=9, len=8000, tag=0" "8_9_                   0_0x78db68"
20 1.7839760000000e+01 "E_MPI_EndComm" "P#9_T#2060732160" "duration = 24.841999 us -- len=8000 bytes -- throughput=322.035278 MB/s"
12 1.7839760000000e+01 "ST_Thread" "P#9_T#2060732160"
11 1.7840132000000e+01 "ST_Thread" "P#9_T#2060732160" "STV_MPI_Send"
42 1.7840132000000e+01 "L_MPI_P2P" "C_Prog" "P#9_T#2060732160" "src=9, dest=10, len=8000, tag=0" "9_10_                   0_0x7a8ab8"
43 1.7848435000000e+01 "L_MPI_P2P" "C_Prog" "P#10_T#2102134528" "src=9, dest=10, len=8000, tag=0" "9_10_                   0_0x7a8ab8"
20 1.7848435000000e+01 "E_MPI_EndComm" "P#10_T#2102134528" "duration = 8.303000 us -- len=8000 bytes -- throughput=963.507141 MB/s"
12 1.7848435000000e+01 "ST_Thread" "P#10_T#2102134528"
11 1.7848788000000e+01 "ST_Thread" "P#10_T#2102134528" "STV_MPI_Send"
42 1.7848788000000e+01 "L_MPI_P2P" "C_Prog" "P#10_T#2102134528" "src=10, dest=11, len=8000, tag=0" "10_11_                   0_0x7c3a08"
12 1.7858678000000e+01 "ST_Thread" "P#8_T#974477056"
11 1.7861663000000e+01 "ST_Thread" "P#8_T#974477056" "STV_MPI_Recv"
12 1.7863164000000e+01 "ST_Thread" "P#7_T#3720996608"
11 1.7866374000000e+01 "ST_Thread" "P#7_T#3720996608" "STV_MPI_Recv"
12 1.7892807000000e+01 "ST_Thread" "P#9_T#2060732160"
11 1.7896068000000e+01 "ST_Thread" "P#9_T#2060732160" "STV_MPI_Recv"
12 1.7922965000000e+01 "ST_Thread" "P#10_T#2102134528"
11 1.7925927000000e+01 "ST_Thread" "P#10_T#2102134528" "STV_MPI_Recv"
43 1.7990632000000e+01 "L_MPI_P2P" "C_Prog" "P#11_T#4208088832" "src=10, dest=11, len=8000, tag=0" "10_11_                   0_0x7c3a08"
20 1.7990632000000e+01 "E_MPI_EndComm" "P#11_T#4208088832" "duration = 141.843994 us -- len=8000 bytes -- throughput=56.399990 MB/s"
12 1.7990632000000e+01 "ST_Thread" "P#11_T#4208088832"
42 1.7991012000000e+01 "L_MPI_P2P" "C_Prog" "P#11_T#4208088832" "src=11, dest=12, len=8000, tag=0" "11_12_                   0_0x7de958"
11 1.7991013000000e+01 "ST_Thread" "P#11_T#4208088832" "STV_MPI_Send"
43 1.7998501000000e+01 "L_MPI_P2P" "C_Prog" "P#12_T#3253004032" "src=11, dest=12, len=8000, tag=0" "11_12_                   0_0x7de958"
20 1.7998501000000e+01 "E_MPI_EndComm" "P#12_T#3253004032" "duration = 7.489000 us -- len=8000 bytes -- throughput=1068.233398 MB/s"
12 1.7998501000000e+01 "ST_Thread" "P#12_T#3253004032"
11 1.7998858000000e+01 "ST_Thread" "P#12_T#3253004032" "STV_MPI_Send"
42 1.7998858000000e+01 "L_MPI_P2P" "C_Prog" "P#12_T#3253004032" "src=12, dest=13, len=8000, tag=0" "12_13_                   0_0x7f98a8"
12 1.8049119000000e+01 "ST_Thread" "P#11_T#4208088832"
11 1.8052671000000e+01 "ST_Thread" "P#11_T#4208088832" "STV_MPI_Recv"
12 1.8099686000000e+01 "ST_Thread" "P#12_T#3253004032"
11 1.8102727000000e+01 "ST_Thread" "P#12_T#3253004032" "STV_MPI_Recv"
43 1.8139791000000e+01 "L_MPI_P2P" "C_Prog" "P#13_T#2185987840" "src=12, dest=13, len=8000, tag=0" "12_13_                   0_0x7f98a8"
20 1.8139791000000e+01 "E_MPI_EndComm" "P#13_T#2185987840" "duration = 140.932999 us -- len=8000 bytes -- throughput=56.764561 MB/s"
12 1.8139791000000e+01 "ST_Thread" "P#13_T#2185987840"
42 1.8140160000000e+01 "L_MPI_P2P" "C_Prog" "P#13_T#2185987840" "src=13, dest=14, len=8000, tag=0" "13_14_                   0_0x814618"
11 1.8140161000000e+01 "ST_Thread" "P#13_T#2185987840" "STV_MPI_Send"
43 1.8145296000000e+01 "L_MPI_P2P" "C_Prog" "P#14_T#1313924864" "src=13, dest=14, len=8000, tag=0" "13_14_                   0_0x814618"
20 1.8145296000000e+01 "E_MPI_EndComm" "P#14_T#1313924864" "duration = 5.136000 us -- len=8000 bytes -- throughput=1557.632324 MB/s"
12 1.8145296000000e+01 "ST_Thread" "P#14_T#1313924864"
11 1.8145723000000e+01 "ST_Thread" "P#14_T#1313924864" "STV_MPI_Send"
42 1.8145724000000e+01 "L_MPI_P2P" "C_Prog" "P#14_T#1313924864" "src=14, dest=15, len=8000, tag=0" "14_15_                   0_0x82f568"
43 1.8191623000000e+01 "L_MPI_P2P" "C_Prog" "P#15_T#1879209728" "src=14, dest=15, len=8000, tag=0" "14_15_                   0_0x82f568"
20 1.8191623000000e+01 "E_MPI_EndComm" "P#15_T#1879209728" "duration = 45.898998 us -- len=8000 bytes -- throughput=174.295746 MB/s"
12 1.8191623000000e+01 "ST_Thread" "P#15_T#1879209728"
42 1.8191972000000e+01 "L_MPI_P2P" "C_Prog" "P#15_T#1879209728" "src=15, dest=16, len=8000, tag=0" "15_16_                   0_0x84a4b8"
11 1.8191973000000e+01 "ST_Thread" "P#15_T#1879209728" "STV_MPI_Send"
12 1.8207903000000e+01 "ST_Thread" "P#14_T#1313924864"
43 1.8208122000000e+01 "L_MPI_P2P" "C_Prog" "P#16_T#2128221952" "src=15, dest=16, len=8000, tag=0" "15_16_                   0_0x84a4b8"
20 1.8208122000000e+01 "E_MPI_EndComm" "P#16_T#2128221952" "duration = 16.150000 us -- len=8000 bytes -- throughput=495.356049 MB/s"
12 1.8208122000000e+01 "ST_Thread" "P#16_T#2128221952"
11 1.8208492000000e+01 "ST_Thread" "P#16_T#2128221952" "STV_MPI_Send"
42 1.8208492000000e+01 "L_MPI_P2P" "C_Prog" "P#16_T#2128221952" "src=16, dest=17, len=8000, tag=0" "16_17_                   0_0x8650d8"
11 1.8212156000000e+01 "ST_Thread" "P#14_T#1313924864" "STV_MPI_Recv"
12 1.8213857000000e+01 "ST_Thread" "P#13_T#2185987840"
11 1.8216864000000e+01 "ST_Thread" "P#13_T#2185987840" "STV_MPI_Recv"
12 1.8249255000000e+01 "ST_Thread" "P#16_T#2128221952"
11 1.8252285000000e+01 "ST_Thread" "P#16_T#2128221952" "STV_MPI_Recv"
12 1.8253824000000e+01 "ST_Thread" "P#15_T#1879209728"
11 1.8256678000000e+01 "ST_Thread" "P#15_T#1879209728" "STV_MPI_Recv"
43 1.8332270000000e+01 "L_MPI_P2P" "C_Prog" "P#17_T#4140701440" "src=16, dest=17, len=8000, tag=0" "16_17_                   0_0x8650d8"
20 1.8332270000000e+01 "E_MPI_EndComm" "P#17_T#4140701440" "duration = 123.778000 us -- len=8000 bytes -- throughput=64.631844 MB/s"
12 1.8332270000000e+01 "ST_Thread" "P#17_T#4140701440"
11 1.8332611000000e+01 "ST_Thread" "P#17_T#4140701440" "STV_MPI_Send"
42 1.8332612000000e+01 "L_MPI_P2P" "C_Prog" "P#17_T#4140701440" "src=17, dest=18, len=8000, tag=0" "17_18_                   0_0x880028"
43 1.8338432000000e+01 "L_MPI_P2P" "C_Prog" "P#18_T#1991452416" "src=17, dest=18, len=8000, tag=0" "17_18_                   0_0x880028"
20 1.8338432000000e+01 "E_MPI_EndComm" "P#18_T#1991452416" "duration = 5.820000 us -- len=8000 bytes -- throughput=1374.570435 MB/s"
12 1.8338432000000e+01 "ST_Thread" "P#18_T#1991452416"
11 1.8338783000000e+01 "ST_Thread" "P#18_T#1991452416" "STV_MPI_Send"
42 1.8338784000000e+01 "L_MPI_P2P" "C_Prog" "P#18_T#1991452416" "src=18, dest=19, len=8000, tag=0" "18_19_                   0_0x89af78"
12 1.8375958000000e+01 "ST_Thread" "P#17_T#4140701440"
12 1.8378605000000e+01 "ST_Thread" "P#18_T#1991452416"
11 1.8378855000000e+01 "ST_Thread" "P#17_T#4140701440" "STV_MPI_Recv"
11 1.8383113000000e+01 "ST_Thread" "P#18_T#1991452416" "STV_MPI_Recv"
43 1.8396487000000e+01 "L_MPI_P2P" "C_Prog" "P#19_T#936892160" "src=18, dest=19, len=8000, tag=0" "18_19_                   0_0x89af78"
20 1.8396487000000e+01 "E_MPI_EndComm" "P#19_T#936892160" "duration = 57.702999 us -- len=8000 bytes -- throughput=138.640976 MB/s"
12 1.8396487000000e+01 "ST_Thread" "P#19_T#936892160"
42 1.8396840000000e+01 "L_MPI_P2P" "C_Prog" "P#19_T#936892160" "src=19, dest=0, len=8000, tag=0" "19_0_                   0_0x69b588"
11 1.8396841000000e+01 "ST_Thread" "P#19_T#936892160" "STV_MPI_Send"
43 1.8419104000000e+01 "L_MPI_P2P" "C_Prog" "P#0_T#501421824" "src=19, dest=0, len=8000, tag=0" "19_0_                   0_0x69b588"
20 1.8419104000000e+01 "E_MPI_EndComm" "P#0_T#501421824" "duration = 22.264000 us -- len=8000 bytes -- throughput=359.324463 MB/s"
12 1.8419104000000e+01 "ST_Thread" "P#0_T#501421824"
12 1.8441187000000e+01 "ST_Thread" "P#19_T#936892160"
11 1.8443918000000e+01 "ST_Thread" "P#19_T#936892160" "STV_MPI_Recv"
11 1.8506919000000e+01 "ST_Thread" "P#0_T#501421824" "STV_MPI_Send"
42 1.8506920000000e+01 "L_MPI_P2P" "C_Prog" "P#0_T#501421824" "src=0, dest=1, len=80000, tag=0" "0_1_                   0_0x6b6550"
12 1.8781653000000e+01 "ST_Thread" "P#0_T#501421824"
11 1.8782087000000e+01 "ST_Thread" "P#0_T#501421824" "STV_MPI_Recv"
43 1.8863740000000e+01 "L_MPI_P2P" "C_Prog" "P#1_T#291788544" "src=0, dest=1, len=80000, tag=0" "0_1_                   0_0x6b6550"
20 1.8863740000000e+01 "E_MPI_EndComm" "P#1_T#291788544" "duration = 356.820007 us -- len=80000 bytes -- throughput=224.202667 MB/s"
12 1.8863740000000e+01 "ST_Thread" "P#1_T#291788544"
42 1.8864084000000e+01 "L_MPI_P2P" "C_Prog" "P#1_T#291788544" "src=1, dest=2, len=80000, tag=0" "1_2_                   0_0x6d1170"
11 1.8864085000000e+01 "ST_Thread" "P#1_T#291788544" "STV_MPI_Send"
43 1.9050796000000e+01 "L_MPI_P2P" "C_Prog" "P#2_T#3726354176" "src=1, dest=2, len=80000, tag=0" "1_2_                   0_0x6d1170"
20 1.9050796000000e+01 "E_MPI_EndComm" "P#2_T#3726354176" "duration = 186.712006 us -- len=80000 bytes -- throughput=428.467346 MB/s"
12 1.9050796000000e+01 "ST_Thread" "P#2_T#3726354176"
11 1.9051164000000e+01 "ST_Thread" "P#2_T#3726354176" "STV_MPI_Send"
42 1.9051164000000e+01 "L_MPI_P2P" "C_Prog" "P#2_T#3726354176" "src=2, dest=3, len=80000, tag=0" "2_3_                   0_0x6ec0c0"
12 1.9145158000000e+01 "ST_Thread" "P#1_T#291788544"
11 1.9149214000000e+01 "ST_Thread" "P#1_T#291788544" "STV_MPI_Recv"
12 1.9320572000000e+01 "ST_Thread" "P#2_T#3726354176"
11 1.9324371000000e+01 "ST_Thread" "P#2_T#3726354176" "STV_MPI_Recv"
43 1.9372288000000e+01 "L_MPI_P2P" "C_Prog" "P#3_T#1049495296" "src=2, dest=3, len=80000, tag=0" "2_3_                   0_0x6ec0c0"
20 1.9372288000000e+01 "E_MPI_EndComm" "P#3_T#1049495296" "duration = 321.123993 us -- len=80000 bytes -- throughput=249.124954 MB/s"
12 1.9372288000000e+01 "ST_Thread" "P#3_T#1049495296"
11 1.9372740000000e+01 "ST_Thread" "P#3_T#1049495296" "STV_MPI_Send"
42 1.9372740000000e+01 "L_MPI_P2P" "C_Prog" "P#3_T#1049495296" "src=3, dest=4, len=80000, tag=0" "3_4_                   0_0x707010"
43 1.9568023000000e+01 "L_MPI_P2P" "C_Prog" "P#4_T#3887265536" "src=3, dest=4, len=80000, tag=0" "3_4_                   0_0x707010"
20 1.9568023000000e+01 "E_MPI_EndComm" "P#4_T#3887265536" "duration = 195.283005 us -- len=80000 bytes -- throughput=409.661865 MB/s"
12 1.9568023000000e+01 "ST_Thread" "P#4_T#3887265536"
11 1.9568443000000e+01 "ST_Thread" "P#4_T#3887265536" "STV_MPI_Send"
42 1.9568444000000e+01 "L_MPI_P2P" "C_Prog" "P#4_T#3887265536" "src=4, dest=5, len=80000, tag=0" "4_5_                   0_0x721f00"
12 1.9626777000000e+01 "ST_Thread" "P#3_T#1049495296"
11 1.9630511000000e+01 "ST_Thread" "P#3_T#1049495296" "STV_MPI_Recv"
12 1.9784049000000e+01 "ST_Thread" "P#4_T#3887265536"
11 1.9787511000000e+01 "ST_Thread" "P#4_T#3887265536" "STV_MPI_Recv"
43 1.9874599000000e+01 "L_MPI_P2P" "C_Prog" "P#5_T#2345101056" "src=4, dest=5, len=80000, tag=0" "4_5_                   0_0x721f00"
20 1.9874599000000e+01 "E_MPI_EndComm" "P#5_T#2345101056" "duration = 306.154999 us -- len=80000 bytes -- throughput=261.305542 MB/s"
12 1.9874599000000e+01 "ST_Thread" "P#5_T#2345101056"
11 1.9875002000000e+01 "ST_Thread" "P#5_T#2345101056" "STV_MPI_Send"
42 1.9875002000000e+01 "L_MPI_P2P" "C_Prog" "P#5_T#2345101056" "src=5, dest=6, len=80000, tag=0" "5_6_                   0_0x73ce50"
43 2.0095692000000e+01 "L_MPI_P2P" "C_Prog" "P#6_T#290473728" "src=5, dest=6, len=80000, tag=0" "5_6_                   0_0x73ce50"
20 2.0095692000000e+01 "E_MPI_EndComm" "P#6_T#290473728" "duration = 220.690002 us -- len=80000 bytes -- throughput=362.499420 MB/s"
12 2.0095692000000e+01 "ST_Thread" "P#6_T#290473728"
11 2.0096134000000e+01 "ST_Thread" "P#6_T#290473728" "STV_MPI_Send"
42 2.0096134000000e+01 "L_MPI_P2P" "C_Prog" "P#6_T#290473728" "src=6, dest=7, len=80000, tag=0" "6_7_                   0_0x757d40"
12 2.0116611000000e+01 "ST_Thread" "P#5_T#2345101056"
11 2.0119835000000e+01 "ST_Thread" "P#5_T#2345101056" "STV_MPI_Recv"
12 2.0392508000000e+01 "ST_Thread" "P#6_T#290473728"
11 2.0395596000000e+01 "ST_Thread" "P#6_T#290473728" "STV_MPI_Recv"
43 2.0444274000000e+01 "L_MPI_P2P" "C_Prog" "P#7_T#3720996608" "src=6, dest=7, len=80000, tag=0" "6_7_                   0_0x757d40"
20 2.0444274000000e+01 "E_MPI_EndComm" "P#7_T#3720996608" "duration = 348.140015 us -- len=80000 bytes -- throughput=229.792603 MB/s"
12 2.0444274000000e+01 "ST_Thread" "P#7_T#3720996608"
42 2.0444732000000e+01 "L_MPI_P2P" "C_Prog" "P#7_T#3720996608" "src=7, dest=8, len=80000, tag=0" "7_8_                   0_0x772c90"
11 2.0444733000000e+01 "ST_Thread" "P#7_T#3720996608" "STV_MPI_Send"
43 2.0624609000000e+01 "L_MPI_P2P" "C_Prog" "P#8_T#974477056" "src=7, dest=8, len=80000, tag=0" "7_8_                   0_0x772c90"
20 2.0624609000000e+01 "E_MPI_EndComm" "P#8_T#974477056" "duration = 179.876999 us -- len=80000 bytes -- throughput=444.748352 MB/s"
12 2.0624609000000e+01 "ST_Thread" "P#8_T#974477056"
11 2.0624942000000e+01 "ST_Thread" "P#8_T#974477056" "STV_MPI_Send"
42 2.0624942000000e+01 "L_MPI_P2P" "C_Prog" "P#8_T#974477056" "src=8, dest=9, len=80000, tag=0" "8_9_                   0_0x78dbe0"
12 2.0739561000000e+01 "ST_Thread" "P#7_T#3720996608"
11 2.0742747000000e+01 "ST_Thread" "P#7_T#3720996608" "STV_MPI_Recv"
43 2.0877816000000e+01 "L_MPI_P2P" "C_Prog" "P#9_T#2060732160" "src=8, dest=9, len=80000, tag=0" "8_9_                   0_0x78dbe0"
20 2.0877816000000e+01 "E_MPI_EndComm" "P#9_T#2060732160" "duration = 252.873993 us -- len=80000 bytes -- throughput=316.363098 MB/s"
12 2.0877816000000e+01 "ST_Thread" "P#9_T#2060732160"
11 2.0878276000000e+01 "ST_Thread" "P#9_T#2060732160" "STV_MPI_Send"
42 2.0878276000000e+01 "L_MPI_P2P" "C_Prog" "P#9_T#2060732160" "src=9, dest=10, len=80000, tag=0" "9_10_                   0_0x7a8b30"
12 2.0881151000000e+01 "ST_Thread" "P#8_T#974477056"
11 2.0884840000000e+01 "ST_Thread" "P#8_T#974477056" "STV_MPI_Recv"
43 2.1133922000000e+01 "L_MPI_P2P" "C_Prog" "P#10_T#2102134528" "src=9, dest=10, len=80000, tag=0" "9_10_                   0_0x7a8b30"
20 2.1133922000000e+01 "E_MPI_EndComm" "P#10_T#2102134528" "duration = 255.645996 us -- len=80000 bytes -- throughput=312.932739 MB/s"
12 2.1133922000000e+01 "ST_Thread" "P#10_T#2102134528"
11 2.1134296000000e+01 "ST_Thread" "P#10_T#2102134528" "STV_MPI_Send"
42 2.1134296000000e+01 "L_MPI_P2P" "C_Prog" "P#10_T#2102134528" "src=10, dest=11, len=80000, tag=0" "10_11_                   0_0x7c3a80"
12 2.1159534000000e+01 "ST_Thread" "P#9_T#2060732160"
11 2.1162959000000e+01 "ST_Thread" "P#9_T#2060732160" "STV_MPI_Recv"
12 2.1447217000000e+01 "ST_Thread" "P#10_T#2102134528"
11 2.1450389000000e+01 "ST_Thread" "P#10_T#2102134528" "STV_MPI_Recv"
43 2.1463958000000e+01 "L_MPI_P2P" "C_Prog" "P#11_T#4208088832" "src=10, dest=11, len=80000, tag=0" "10_11_                   0_0x7c3a80"
20 2.1463958000000e+01 "E_MPI_EndComm" "P#11_T#4208088832" "duration = 329.661987 us -- len=80000 bytes -- throughput=242.672806 MB/s"
12 2.1463958000000e+01 "ST_Thread" "P#11_T#4208088832"
42 2.1464384000000e+01 "L_MPI_P2P" "C_Prog" "P#11_T#4208088832" "src=11, dest=12, len=80000, tag=0" "11_12_                   0_0x7de9d0"
11 2.1464385000000e+01 "ST_Thread" "P#11_T#4208088832" "STV_MPI_Send"
43 2.1731590000000e+01 "L_MPI_P2P" "C_Prog" "P#12_T#3253004032" "src=11, dest=12, len=80000, tag=0" "11_12_                   0_0x7de9d0"
20 2.1731590000000e+01 "E_MPI_EndComm" "P#12_T#3253004032" "duration = 267.205994 us -- len=80000 bytes -- throughput=299.394470 MB/s"
12 2.1731590000000e+01 "ST_Thread" "P#12_T#3253004032"
42 2.1732068000000e+01 "L_MPI_P2P" "C_Prog" "P#12_T#3253004032" "src=12, dest=13, len=80000, tag=0" "12_13_                   0_0x7f9920"
11 2.1732069000000e+01 "ST_Thread" "P#12_T#3253004032" "STV_MPI_Send"
12 2.1752026000000e+01 "ST_Thread" "P#11_T#4208088832"
11 2.1755267000000e+01 "ST_Thread" "P#11_T#4208088832" "STV_MPI_Recv"
12 2.2015437000000e+01 "ST_Thread" "P#12_T#3253004032"
11 2.2018669000000e+01 "ST_Thread" "P#12_T#3253004032" "STV_MPI_Recv"
43 2.2050339000000e+01 "L_MPI_P2P" "C_Prog" "P#13_T#2185987840" "src=12, dest=13, len=80000, tag=0" "12_13_                   0_0x7f9920"
20 2.2050339000000e+01 "E_MPI_EndComm" "P#13_T#2185987840" "duration = 318.270996 us -- len=80000 bytes -- throughput=251.358124 MB/s"
12 2.2050339000000e+01 "ST_Thread" "P#13_T#2185987840"
11 2.2050871000000e+01 "ST_Thread" "P#13_T#2185987840" "STV_MPI_Send"
42 2.2050872000000e+01 "L_MPI_P2P" "C_Prog" "P#13_T#2185987840" "src=13, dest=14, len=80000, tag=0" "13_14_                   0_0x814690"
43 2.2270812000000e+01 "L_MPI_P2P" "C_Prog" "P#14_T#1313924864" "src=13, dest=14, len=80000, tag=0" "13_14_                   0_0x814690"
20 2.2270812000000e+01 "E_MPI_EndComm" "P#14_T#1313924864" "duration = 219.940002 us -- len=80000 bytes -- throughput=363.735565 MB/s"
12 2.2270812000000e+01 "ST_Thread" "P#14_T#1313924864"
11 2.2271227000000e+01 "ST_Thread" "P#14_T#1313924864" "STV_MPI_Send"
42 2.2271228000000e+01 "L_MPI_P2P" "C_Prog" "P#14_T#1313924864" "src=14, dest=15, len=80000, tag=0" "14_15_                   0_0x82f5e0"
12 2.2295568000000e+01 "ST_Thread" "P#13_T#2185987840"
11 2.2299163000000e+01 "ST_Thread" "P#13_T#2185987840" "STV_MPI_Recv"
12 2.2514760000000e+01 "ST_Thread" "P#14_T#1313924864"
11 2.2517994000000e+01 "ST_Thread" "P#14_T#1313924864" "STV_MPI_Recv"
43 2.2519644000000e+01 "L_MPI_P2P" "C_Prog" "P#15_T#1879209728" "src=14, dest=15, len=80000, tag=0" "14_15_                   0_0x82f5e0"
20 2.2519644000000e+01 "E_MPI_EndComm" "P#15_T#1879209728" "duration = 248.416000 us -- len=80000 bytes -- throughput=322.040436 MB/s"
12 2.2519644000000e+01 "ST_Thread" "P#15_T#1879209728"
11 2.2520115000000e+01 "ST_Thread" "P#15_T#1879209728" "STV_MPI_Send"
42 2.2520116000000e+01 "L_MPI_P2P" "C_Prog" "P#15_T#1879209728" "src=15, dest=16, len=80000, tag=0" "15_16_                   0_0x84a530"
43 2.2679252000000e+01 "L_MPI_P2P" "C_Prog" "P#16_T#2128221952" "src=15, dest=16, len=80000, tag=0" "15_16_                   0_0x84a530"
20 2.2679252000000e+01 "E_MPI_EndComm" "P#16_T#2128221952" "duration = 159.136002 us -- len=80000 bytes -- throughput=502.714661 MB/s"
12 2.2679252000000e+01 "ST_Thread" "P#16_T#2128221952"
11 2.2679783000000e+01 "ST_Thread" "P#16_T#2128221952" "STV_MPI_Send"
42 2.2679784000000e+01 "L_MPI_P2P" "C_Prog" "P#16_T#2128221952" "src=16, dest=17, len=80000, tag=0" "16_17_                   0_0x865150"
12 2.2773669000000e+01 "ST_Thread" "P#15_T#1879209728"
11 2.2777631000000e+01 "ST_Thread" "P#15_T#1879209728" "STV_MPI_Recv"
12 2.2882062000000e+01 "ST_Thread" "P#16_T#2128221952"
11 2.2885903000000e+01 "ST_Thread" "P#16_T#2128221952" "STV_MPI_Recv"
43 2.2975391000000e+01 "L_MPI_P2P" "C_Prog" "P#17_T#4140701440" "src=16, dest=17, len=80000, tag=0" "16_17_                   0_0x865150"
20 2.2975391000000e+01 "E_MPI_EndComm" "P#17_T#4140701440" "duration = 295.606995 us -- len=80000 bytes -- throughput=270.629578 MB/s"
12 2.2975391000000e+01 "ST_Thread" "P#17_T#4140701440"
11 2.2975800000000e+01 "ST_Thread" "P#17_T#4140701440" "STV_MPI_Send"
42 2.2975800000000e+01 "L_MPI_P2P" "C_Prog" "P#17_T#4140701440" "src=17, dest=18, len=80000, tag=0" "17_18_                   0_0x8800a0"
43 2.3146291000000e+01 "L_MPI_P2P" "C_Prog" "P#18_T#1991452416" "src=17, dest=18, len=80000, tag=0" "17_18_                   0_0x8800a0"
20 2.3146291000000e+01 "E_MPI_EndComm" "P#18_T#1991452416" "duration = 170.490997 us -- len=80000 bytes -- throughput=469.233002 MB/s"
12 2.3146291000000e+01 "ST_Thread" "P#18_T#1991452416"
42 2.3146788000000e+01 "L_MPI_P2P" "C_Prog" "P#18_T#1991452416" "src=18, dest=19, len=80000, tag=0" "18_19_                   0_0x89aff0"
11 2.3146789000000e+01 "ST_Thread" "P#18_T#1991452416" "STV_MPI_Send"
12 2.3186460000000e+01 "ST_Thread" "P#17_T#4140701440"
11 2.3189694000000e+01 "ST_Thread" "P#17_T#4140701440" "STV_MPI_Recv"
12 2.3356642000000e+01 "ST_Thread" "P#18_T#1991452416"
11 2.3360225000000e+01 "ST_Thread" "P#18_T#1991452416" "STV_MPI_Recv"
43 2.3391154000000e+01 "L_MPI_P2P" "C_Prog" "P#19_T#936892160" "src=18, dest=19, len=80000, tag=0" "18_19_                   0_0x89aff0"
20 2.3391154000000e+01 "E_MPI_EndComm" "P#19_T#936892160" "duration = 244.365997 us -- len=80000 bytes -- throughput=327.377777 MB/s"
12 2.3391154000000e+01 "ST_Thread" "P#19_T#936892160"
11 2.3391566000000e+01 "ST_Thread" "P#19_T#936892160" "STV_MPI_Send"
42 2.3391566000000e+01 "L_MPI_P2P" "C_Prog" "P#19_T#936892160" "src=19, dest=0, len=80000, tag=0" "19_0_                   0_0x69b600"
43 2.3453723000000e+01 "L_MPI_P2P" "C_Prog" "P#0_T#501421824" "src=19, dest=0, len=80000, tag=0" "19_0_                   0_0x69b600"
20 2.3453723000000e+01 "E_MPI_EndComm" "P#0_T#501421824" "duration = 62.157001 us -- len=80000 bytes -- throughput=1287.063354 MB/s"
12 2.3453723000000e+01 "ST_Thread" "P#0_T#501421824"
12 2.3604501000000e+01 "ST_Thread" "P#19_T#936892160"
11 2.3609350000000e+01 "ST_Thread" "P#19_T#936892160" "STV_MPI_Recv"
11 2.4011376000000e+01 "ST_Thread" "P#0_T#501421824" "STV_MPI_Send"
42 2.4011376000000e+01 "L_MPI_P2P" "C_Prog" "P#0_T#501421824" "src=0, dest=1, len=800000, tag=0" "0_1_                   0_0x6b65c8"
12 2.5404960000000e+01 "ST_Thread" "P#0_T#501421824"
11 2.5405395000000e+01 "ST_Thread" "P#0_T#501421824" "STV_MPI_Recv"
43 2.5470374000000e+01 "L_MPI_P2P" "C_Prog" "P#1_T#291788544" "src=0, dest=1, len=800000, tag=0" "0_1_                   0_0x6b65c8"
20 2.5470374000000e+01 "E_MPI_EndComm" "P#1_T#291788544" "duration = 1458.998047 us -- len=800000 bytes -- throughput=548.321472 MB/s"
12 2.5470374000000e+01 "ST_Thread" "P#1_T#291788544"
11 2.5470915000000e+01 "ST_Thread" "P#1_T#291788544" "STV_MPI_Send"
42 2.5470916000000e+01 "L_MPI_P2P" "C_Prog" "P#1_T#291788544" "src=1, dest=2, len=800000, tag=0" "1_2_                   0_0x6d11e8"
43 2.8022304000000e+01 "L_MPI_P2P" "C_Prog" "P#2_T#3726354176" "src=1, dest=2, len=800000, tag=0" "1_2_                   0_0x6d11e8"
20 2.8022304000000e+01 "E_MPI_EndComm" "P#2_T#3726354176" "duration = 2551.387939 us -- len=800000 bytes -- throughput=313.554840 MB/s"
12 2.8022304000000e+01 "ST_Thread" "P#2_T#3726354176"
11 2.8023266000000e+01 "ST_Thread" "P#2_T#3726354176" "STV_MPI_Send"
42 2.8023266000000e+01 "L_MPI_P2P" "C_Prog" "P#2_T#3726354176" "src=2, dest=3, len=800000, tag=0" "2_3_                   0_0x6ec138"
12 2.8054816000000e+01 "ST_Thread" "P#1_T#291788544"
11 2.8069803000000e+01 "ST_Thread" "P#1_T#291788544" "STV_MPI_Recv"
12 2.9873270000000e+01 "ST_Thread" "P#2_T#3726354176"
11 2.9887994000000e+01 "ST_Thread" "P#2_T#3726354176" "STV_MPI_Recv"
43 2.9925372000000e+01 "L_MPI_P2P" "C_Prog" "P#3_T#1049495296" "src=2, dest=3, len=800000, tag=0" "2_3_                   0_0x6ec138"
20 2.9925372000000e+01 "E_MPI_EndComm" "P#3_T#1049495296" "duration = 1902.105957 us -- len=800000 bytes -- throughput=420.586456 MB/s"
12 2.9925372000000e+01 "ST_Thread" "P#3_T#1049495296"
42 2.9926248000000e+01 "L_MPI_P2P" "C_Prog" "P#3_T#1049495296" "src=3, dest=4, len=800000, tag=0" "3_4_                   0_0x707088"
11 2.9926249000000e+01 "ST_Thread" "P#3_T#1049495296" "STV_MPI_Send"
43 3.1543086000000e+01 "L_MPI_P2P" "C_Prog" "P#4_T#3887265536" "src=3, dest=4, len=800000, tag=0" "3_4_                   0_0x707088"
20 3.1543086000000e+01 "E_MPI_EndComm" "P#4_T#3887265536" "duration = 1616.838013 us -- len=800000 bytes -- throughput=494.792908 MB/s"
12 3.1543086000000e+01 "ST_Thread" "P#4_T#3887265536"
11 3.1543931000000e+01 "ST_Thread" "P#4_T#3887265536" "STV_MPI_Send"
42 3.1543932000000e+01 "L_MPI_P2P" "C_Prog" "P#4_T#3887265536" "src=4, dest=5, len=800000, tag=0" "4_5_                   0_0x721f78"
12 3.1550055000000e+01 "ST_Thread" "P#3_T#1049495296"
11 3.1561082000000e+01 "ST_Thread" "P#3_T#1049495296" "STV_MPI_Recv"
12 3.2904442000000e+01 "ST_Thread" "P#4_T#3887265536"
11 3.2913873000000e+01 "ST_Thread" "P#4_T#3887265536" "STV_MPI_Recv"
43 3.3031007000000e+01 "L_MPI_P2P" "C_Prog" "P#5_T#2345101056" "src=4, dest=5, len=800000, tag=0" "4_5_                   0_0x721f78"
20 3.3031007000000e+01 "E_MPI_EndComm" "P#5_T#2345101056" "duration = 1487.074951 us -- len=800000 bytes -- throughput=537.968872 MB/s"
12 3.3031007000000e+01 "ST_Thread" "P#5_T#2345101056"
11 3.3031638000000e+01 "ST_Thread" "P#5_T#2345101056" "STV_MPI_Send"
42 3.3031638000000e+01 "L_MPI_P2P" "C_Prog" "P#5_T#2345101056" "src=5, dest=6, len=800000, tag=0" "5_6_                   0_0x73cec8"
43 3.4992931000000e+01 "L_MPI_P2P" "C_Prog" "P#6_T#290473728" "src=5, dest=6, len=800000, tag=0" "5_6_                   0_0x73cec8"
20 3.4992931000000e+01 "E_MPI_EndComm" "P#6_T#290473728" "duration = 1961.292969 us -- len=800000 bytes -- throughput=407.894196 MB/s"
12 3.4992931000000e+01 "ST_Thread" "P#6_T#290473728"
42 3.4993952000000e+01 "L_MPI_P2P" "C_Prog" "P#6_T#290473728" "src=6, dest=7, len=800000, tag=0" "6_7_                   0_0x757db8"
11 3.4993954000000e+01 "ST_Thread" "P#6_T#290473728" "STV_MPI_Send"
12 3.5019985000000e+01 "ST_Thread" "P#5_T#2345101056"
11 3.5036622000000e+01 "ST_Thread" "P#5_T#2345101056" "STV_MPI_Recv"
12 3.7134173000000e+01 "ST_Thread" "P#6_T#290473728"
11 3.7147936000000e+01 "ST_Thread" "P#6_T#290473728" "STV_MPI_Recv"
43 3.7170144000000e+01 "L_MPI_P2P" "C_Prog" "P#7_T#3720996608" "src=6, dest=7, len=800000, tag=0" "6_7_                   0_0x757db8"
20 3.7170144000000e+01 "E_MPI_EndComm" "P#7_T#3720996608" "duration = 2176.191895 us -- len=800000 bytes -- throughput=367.614655 MB/s"
12 3.7170144000000e+01 "ST_Thread" "P#7_T#3720996608"
11 3.7170871000000e+01 "ST_Thread" "P#7_T#3720996608" "STV_MPI_Send"
42 3.7170872000000e+01 "L_MPI_P2P" "C_Prog" "P#7_T#3720996608" "src=7, dest=8, len=800000, tag=0" "7_8_                   0_0x772d08"
43 3.9275928000000e+01 "L_MPI_P2P" "C_Prog" "P#8_T#974477056" "src=7, dest=8, len=800000, tag=0" "7_8_                   0_0x772d08"
20 3.9275928000000e+01 "E_MPI_EndComm" "P#8_T#974477056" "duration = 2105.055908 us -- len=800000 bytes -- throughput=380.037415 MB/s"
12 3.9275928000000e+01 "ST_Thread" "P#8_T#974477056"
11 3.9277432000000e+01 "ST_Thread" "P#8_T#974477056" "STV_MPI_Send"
42 3.9277432000000e+01 "L_MPI_P2P" "C_Prog" "P#8_T#974477056" "src=8, dest=9, len=800000, tag=0" "8_9_                   0_0x78dc58"
12 3.9296274000000e+01 "ST_Thread" "P#7_T#3720996608"
11 3.9309934000000e+01 "ST_Thread" "P#7_T#3720996608" "STV_MPI_Recv"
43 4.1250275000000e+01 "L_MPI_P2P" "C_Prog" "P#9_T#2060732160" "src=8, dest=9, len=800000, tag=0" "8_9_                   0_0x78dc58"
20 4.1250275000000e+01 "E_MPI_EndComm" "P#9_T#2060732160" "duration = 1972.843018 us -- len=800000 bytes -- throughput=405.506165 MB/s"
12 4.1250275000000e+01 "ST_Thread" "P#9_T#2060732160"
11 4.1251292000000e+01 "ST_Thread" "P#9_T#2060732160" "STV_MPI_Send"
42 4.1251292000000e+01 "L_MPI_P2P" "C_Prog" "P#9_T#2060732160" "src=9, dest=10, len=800000, tag=0" "9_10_                   0_0x7a8ba8"
12 4.1260398000000e+01 "ST_Thread" "P#8_T#974477056"
11 4.1272617000000e+01 "ST_Thread" "P#8_T#974477056" "STV_MPI_Recv"
43 4.2884513000000e+01 "L_MPI_P2P" "C_Prog" "P#10_T#2102134528" "src=9, dest=10, len=800000, tag=0" "9_10_                   0_0x7a8ba8"
20 4.2884513000000e+01 "E_MPI_EndComm" "P#10_T#2102134528" "duration = 1633.220947 us -- len=800000 bytes -- throughput=489.829620 MB/s"
12 4.2884513000000e+01 "ST_Thread" "P#10_T#2102134528"
11 4.2885227000000e+01 "ST_Thread" "P#10_T#2102134528" "STV_MPI_Send"
42 4.2885228000000e+01 "L_MPI_P2P" "C_Prog" "P#10_T#2102134528" "src=10, dest=11, len=800000, tag=0" "10_11_                   0_0x7c3af8"
12 4.2919127000000e+01 "ST_Thread" "P#9_T#2060732160"
11 4.2927582000000e+01 "ST_Thread" "P#9_T#2060732160" "STV_MPI_Recv"
12 4.4442083000000e+01 "ST_Thread" "P#10_T#2102134528"
11 4.4450266000000e+01 "ST_Thread" "P#10_T#2102134528" "STV_MPI_Recv"
43 4.4547325000000e+01 "L_MPI_P2P" "C_Prog" "P#11_T#4208088832" "src=10, dest=11, len=800000, tag=0" "10_11_                   0_0x7c3af8"
20 4.4547325000000e+01 "E_MPI_EndComm" "P#11_T#4208088832" "duration = 1662.097046 us -- len=800000 bytes -- throughput=481.319672 MB/s"
12 4.4547325000000e+01 "ST_Thread" "P#11_T#4208088832"
42 4.4547956000000e+01 "L_MPI_P2P" "C_Prog" "P#11_T#4208088832" "src=11, dest=12, len=800000, tag=0" "11_12_                   0_0x7dea48"
11 4.4547957000000e+01 "ST_Thread" "P#11_T#4208088832" "STV_MPI_Send"
43 4.6023315000000e+01 "L_MPI_P2P" "C_Prog" "P#12_T#3253004032" "src=11, dest=12, len=800000, tag=0" "11_12_                   0_0x7dea48"
20 4.6023315000000e+01 "E_MPI_EndComm" "P#12_T#3253004032" "duration = 1475.359009 us -- len=800000 bytes -- throughput=542.240906 MB/s"
12 4.6023315000000e+01 "ST_Thread" "P#12_T#3253004032"
11 4.6024056000000e+01 "ST_Thread" "P#12_T#3253004032" "STV_MPI_Send"
42 4.6024056000000e+01 "L_MPI_P2P" "C_Prog" "P#12_T#3253004032" "src=12, dest=13, len=800000, tag=0" "12_13_                   0_0x7f9998"
12 4.6054785000000e+01 "ST_Thread" "P#11_T#4208088832"
11 4.6062463000000e+01 "ST_Thread" "P#11_T#4208088832" "STV_MPI_Recv"
12 4.7800874000000e+01 "ST_Thread" "P#12_T#3253004032"
11 4.7809872000000e+01 "ST_Thread" "P#12_T#3253004032" "STV_MPI_Recv"
43 4.7870327000000e+01 "L_MPI_P2P" "C_Prog" "P#13_T#2185987840" "src=12, dest=13, len=800000, tag=0" "12_13_                   0_0x7f9998"
20 4.7870327000000e+01 "E_MPI_EndComm" "P#13_T#2185987840" "duration = 1846.270996 us -- len=800000 bytes -- throughput=433.305847 MB/s"
12 4.7870327000000e+01 "ST_Thread" "P#13_T#2185987840"
11 4.7871076000000e+01 "ST_Thread" "P#13_T#2185987840" "STV_MPI_Send"
42 4.7871076000000e+01 "L_MPI_P2P" "C_Prog" "P#13_T#2185987840" "src=13, dest=14, len=800000, tag=0" "13_14_                   0_0x814708"
43 4.9563918000000e+01 "L_MPI_P2P" "C_Prog" "P#14_T#1313924864" "src=13, dest=14, len=800000, tag=0" "13_14_                   0_0x814708"
20 4.9563918000000e+01 "E_MPI_EndComm" "P#14_T#1313924864" "duration = 1692.842041 us -- len=800000 bytes -- throughput=472.578064 MB/s"
12 4.9563918000000e+01 "ST_Thread" "P#14_T#1313924864"
11 4.9564568000000e+01 "ST_Thread" "P#14_T#1313924864" "STV_MPI_Send"
42 4.9564568000000e+01 "L_MPI_P2P" "C_Prog" "P#14_T#1313924864" "src=14, dest=15, len=800000, tag=0" "14_15_                   0_0x82f658"
12 4.9586983000000e+01 "ST_Thread" "P#13_T#2185987840"
11 4.9593996000000e+01 "ST_Thread" "P#13_T#2185987840" "STV_MPI_Recv"
12 5.1272854000000e+01 "ST_Thread" "P#14_T#1313924864"
11 5.1280647000000e+01 "ST_Thread" "P#14_T#1313924864" "STV_MPI_Recv"
43 5.1296735000000e+01 "L_MPI_P2P" "C_Prog" "P#15_T#1879209728" "src=14, dest=15, len=800000, tag=0" "14_15_                   0_0x82f658"
20 5.1296735000000e+01 "E_MPI_EndComm" "P#15_T#1879209728" "duration = 1732.166992 us -- len=800000 bytes -- throughput=461.849243 MB/s"
12 5.1296735000000e+01 "ST_Thread" "P#15_T#1879209728"
42 5.1297504000000e+01 "L_MPI_P2P" "C_Prog" "P#15_T#1879209728" "src=15, dest=16, len=800000, tag=0" "15_16_                   0_0x84a5a8"
11 5.1297505000000e+01 "ST_Thread" "P#15_T#1879209728" "STV_MPI_Send"
43 5.2541309000000e+01 "L_MPI_P2P" "C_Prog" "P#16_T#2128221952" "src=15, dest=16, len=800000, tag=0" "15_16_                   0_0x84a5a8"
20 5.2541309000000e+01 "E_MPI_EndComm" "P#16_T#2128221952" "duration = 1243.805054 us -- len=800000 bytes -- throughput=643.187622 MB/s"
12 5.2541309000000e+01 "ST_Thread" "P#16_T#2128221952"
42 5.2541916000000e+01 "L_MPI_P2P" "C_Prog" "P#16_T#2128221952" "src=16, dest=17, len=800000, tag=0" "16_17_                   0_0x8651c8"
11 5.2541917000000e+01 "ST_Thread" "P#16_T#2128221952" "STV_MPI_Send"
12 5.2561664000000e+01 "ST_Thread" "P#15_T#1879209728"
11 5.2568551000000e+01 "ST_Thread" "P#15_T#1879209728" "STV_MPI_Recv"
12 5.4063729000000e+01 "ST_Thread" "P#16_T#2128221952"
11 5.4073400000000e+01 "ST_Thread" "P#16_T#2128221952" "STV_MPI_Recv"
43 5.4155974000000e+01 "L_MPI_P2P" "C_Prog" "P#17_T#4140701440" "src=16, dest=17, len=800000, tag=0" "16_17_                   0_0x8651c8"
20 5.4155974000000e+01 "E_MPI_EndComm" "P#17_T#4140701440" "duration = 1614.057983 us -- len=800000 bytes -- throughput=495.645142 MB/s"
12 5.4155974000000e+01 "ST_Thread" "P#17_T#4140701440"
42 5.4156584000000e+01 "L_MPI_P2P" "C_Prog" "P#17_T#4140701440" "src=17, dest=18, len=800000, tag=0" "17_18_                   0_0x880118"
11 5.4156585000000e+01 "ST_Thread" "P#17_T#4140701440" "STV_MPI_Send"
43 5.5369918000000e+01 "L_MPI_P2P" "C_Prog" "P#18_T#1991452416" "src=17, dest=18, len=800000, tag=0" "17_18_                   0_0x880118"
20 5.5369918000000e+01 "E_MPI_EndComm" "P#18_T#1991452416" "duration = 1213.333984 us -- len=800000 bytes -- throughput=659.340332 MB/s"
12 5.5369918000000e+01 "ST_Thread" "P#18_T#1991452416"
11 5.5370715000000e+01 "ST_Thread" "P#18_T#1991452416" "STV_MPI_Send"
42 5.5370716000000e+01 "L_MPI_P2P" "C_Prog" "P#18_T#1991452416" "src=18, dest=19, len=800000, tag=0" "18_19_                   0_0x89b068"
12 5.5389937000000e+01 "ST_Thread" "P#17_T#4140701440"
11 5.5396840000000e+01 "ST_Thread" "P#17_T#4140701440" "STV_MPI_Recv"
12 5.6870012000000e+01 "ST_Thread" "P#18_T#1991452416"
11 5.6877738000000e+01 "ST_Thread" "P#18_T#1991452416" "STV_MPI_Recv"
43 5.6901320000000e+01 "L_MPI_P2P" "C_Prog" "P#19_T#936892160" "src=18, dest=19, len=800000, tag=0" "18_19_                   0_0x89b068"
20 5.6901320000000e+01 "E_MPI_EndComm" "P#19_T#936892160" "duration = 1530.604004 us -- len=800000 bytes -- throughput=522.669495 MB/s"
12 5.6901320000000e+01 "ST_Thread" "P#19_T#936892160"
11 5.6901920000000e+01 "ST_Thread" "P#19_T#936892160" "STV_MPI_Send"
42 5.6901920000000e+01 "L_MPI_P2P" "C_Prog" "P#19_T#936892160" "src=19, dest=0, len=800000, tag=0" "19_0_                   0_0x69b678"
43 5.7662097000000e+01 "L_MPI_P2P" "C_Prog" "P#0_T#501421824" "src=19, dest=0, len=800000, tag=0" "19_0_                   0_0x69b678"
20 5.7662097000000e+01 "E_MPI_EndComm" "P#0_T#501421824" "duration = 760.177002 us -- len=800000 bytes -- throughput=1052.386475 MB/s"
12 5.7662097000000e+01 "ST_Thread" "P#0_T#501421824"
12 5.7663970000000e+01 "ST_Thread" "P#19_T#936892160"
11 5.7671466000000e+01 "ST_Thread" "P#19_T#936892160" "STV_MPI_Recv"
11 8.5774960000000e+01 "ST_Thread" "P#0_T#501421824" "STV_MPI_Send"
42 8.5774960000000e+01 "L_MPI_P2P" "C_Prog" "P#0_T#501421824" "src=0, dest=1, len=8000000, tag=0" "0_1_                   0_0x6b6640"
12 1.0263977300000e+02 "ST_Thread" "P#0_T#501421824"
11 1.0264165800000e+02 "ST_Thread" "P#0_T#501421824" "STV_MPI_Recv"
43 1.0270567200000e+02 "L_MPI_P2P" "C_Prog" "P#1_T#291788544" "src=0, dest=1, len=8000000, tag=0" "0_1_                   0_0x6b6640"
20 1.0270567200000e+02 "E_MPI_EndComm" "P#1_T#291788544" "duration = 16930.712891 us -- len=8000000 bytes -- throughput=472.514069 MB/s"
12 1.0270567200000e+02 "ST_Thread" "P#1_T#291788544"
42 1.0270631200000e+02 "L_MPI_P2P" "C_Prog" "P#1_T#291788544" "src=1, dest=2, len=8000000, tag=0" "1_2_                   0_0x6d1260"
11 1.0270631400000e+02 "ST_Thread" "P#1_T#291788544" "STV_MPI_Send"
43 1.2823464000000e+02 "L_MPI_P2P" "C_Prog" "P#2_T#3726354176" "src=1, dest=2, len=8000000, tag=0" "1_2_                   0_0x6d1260"
20 1.2823464000000e+02 "E_MPI_EndComm" "P#2_T#3726354176" "duration = 25528.328125 us -- len=8000000 bytes -- throughput=313.377350 MB/s"
12 1.2823464000000e+02 "ST_Thread" "P#2_T#3726354176"
11 1.2823562100000e+02 "ST_Thread" "P#2_T#3726354176" "STV_MPI_Send"
42 1.2823562400000e+02 "L_MPI_P2P" "C_Prog" "P#2_T#3726354176" "src=2, dest=3, len=8000000, tag=0" "2_3_                   0_0x6ec1b0"
12 1.2827158700000e+02 "ST_Thread" "P#1_T#291788544"
12 1.4511283800000e+02 "ST_Thread" "P#2_T#3726354176"
43 1.4515321400000e+02 "L_MPI_P2P" "C_Prog" "P#3_T#1049495296" "src=2, dest=3, len=8000000, tag=0" "2_3_                   0_0x6ec1b0"
20 1.4515321400000e+02 "E_MPI_EndComm" "P#3_T#1049495296" "duration = 16917.589844 us -- len=8000000 bytes -- throughput=472.880585 MB/s"
12 1.4515321400000e+02 "ST_Thread" "P#3_T#1049495296"
11 1.4515426400000e+02 "ST_Thread" "P#3_T#1049495296" "STV_MPI_Send"
42 1.4515427200000e+02 "L_MPI_P2P" "C_Prog" "P#3_T#1049495296" "src=3, dest=4, len=8000000, tag=0" "3_4_                   0_0x707100"
43 1.5666623500000e+02 "L_MPI_P2P" "C_Prog" "P#4_T#3887265536" "src=3, dest=4, len=8000000, tag=0" "3_4_                   0_0x707100"
20 1.5666623500000e+02 "E_MPI_EndComm" "P#4_T#3887265536" "duration = 11511.962891 us -- len=8000000 bytes -- throughput=694.929260 MB/s"
12 1.5666623500000e+02 "ST_Thread" "P#4_T#3887265536"
11 1.5666698900000e+02 "ST_Thread" "P#4_T#3887265536" "STV_MPI_Send"
42 1.5666699200000e+02 "L_MPI_P2P" "C_Prog" "P#4_T#3887265536" "src=4, dest=5, len=8000000, tag=0" "4_5_                   0_0x721ff0"
12 1.5668775600000e+02 "ST_Thread" "P#3_T#1049495296"
12 1.6796019100000e+02 "ST_Thread" "P#4_T#3887265536"
43 1.6808969300000e+02 "L_MPI_P2P" "C_Prog" "P#5_T#2345101056" "src=4, dest=5, len=8000000, tag=0" "4_5_                   0_0x721ff0"
20 1.6808969300000e+02 "E_MPI_EndComm" "P#5_T#2345101056" "duration = 11422.701172 us -- len=8000000 bytes -- throughput=700.359741 MB/s"
12 1.6808969300000e+02 "ST_Thread" "P#5_T#2345101056"
42 1.6809065600000e+02 "L_MPI_P2P" "C_Prog" "P#5_T#2345101056" "src=5, dest=6, len=8000000, tag=0" "5_6_                   0_0x73cf40"
11 1.6809065800000e+02 "ST_Thread" "P#5_T#2345101056" "STV_MPI_Send"
43 1.8196887800000e+02 "L_MPI_P2P" "C_Prog" "P#6_T#290473728" "src=5, dest=6, len=8000000, tag=0" "5_6_                   0_0x73cf40"
20 1.8196887800000e+02 "E_MPI_EndComm" "P#6_T#290473728" "duration = 13878.221680 us -- len=8000000 bytes -- throughput=576.442749 MB/s"
12 1.8196887800000e+02 "ST_Thread" "P#6_T#290473728"
42 1.8196969600000e+02 "L_MPI_P2P" "C_Prog" "P#6_T#290473728" "src=6, dest=7, len=8000000, tag=0" "6_7_                   0_0x757e30"
11 1.8196970400000e+02 "ST_Thread" "P#6_T#290473728" "STV_MPI_Send"
12 1.8200453400000e+02 "ST_Thread" "P#5_T#2345101056"
12 1.9697095000000e+02 "ST_Thread" "P#6_T#290473728"
43 1.9699981200000e+02 "L_MPI_P2P" "C_Prog" "P#7_T#3720996608" "src=6, dest=7, len=8000000, tag=0" "6_7_                   0_0x757e30"
20 1.9699981200000e+02 "E_MPI_EndComm" "P#7_T#3720996608" "duration = 15030.116211 us -- len=8000000 bytes -- throughput=532.264709 MB/s"
12 1.9699981200000e+02 "ST_Thread" "P#7_T#3720996608"
42 1.9700088000000e+02 "L_MPI_P2P" "C_Prog" "P#7_T#3720996608" "src=7, dest=8, len=8000000, tag=0" "7_8_                   0_0x772d80"
11 1.9700088200000e+02 "ST_Thread" "P#7_T#3720996608" "STV_MPI_Send"
43 2.0550824900000e+02 "L_MPI_P2P" "C_Prog" "P#8_T#974477056" "src=7, dest=8, len=8000000, tag=0" "7_8_                   0_0x772d80"
20 2.0550824900000e+02 "E_MPI_EndComm" "P#8_T#974477056" "duration = 8507.369141 us -- len=8000000 bytes -- throughput=940.361206 MB/s"
12 2.0550824900000e+02 "ST_Thread" "P#8_T#974477056"
11 2.0550915000000e+02 "ST_Thread" "P#8_T#974477056" "STV_MPI_Send"
42 2.0550915200000e+02 "L_MPI_P2P" "C_Prog" "P#8_T#974477056" "src=8, dest=9, len=8000000, tag=0" "8_9_                   0_0x78dcd0"
12 2.0553238900000e+02 "ST_Thread" "P#7_T#3720996608"
43 2.1683765600000e+02 "L_MPI_P2P" "C_Prog" "P#9_T#2060732160" "src=8, dest=9, len=8000000, tag=0" "8_9_                   0_0x78dcd0"
20 2.1683765600000e+02 "E_MPI_EndComm" "P#9_T#2060732160" "duration = 11328.503906 us -- len=8000000 bytes -- throughput=706.183289 MB/s"
12 2.1683765600000e+02 "ST_Thread" "P#9_T#2060732160"
42 2.1683840000000e+02 "L_MPI_P2P" "C_Prog" "P#9_T#2060732160" "src=9, dest=10, len=8000000, tag=0" "9_10_                   0_0x7a8c20"
11 2.1683840300000e+02 "ST_Thread" "P#9_T#2060732160" "STV_MPI_Send"
12 2.1685773800000e+02 "ST_Thread" "P#8_T#974477056"
43 2.2569371700000e+02 "L_MPI_P2P" "C_Prog" "P#10_T#2102134528" "src=9, dest=10, len=8000000, tag=0" "9_10_                   0_0x7a8c20"
20 2.2569371700000e+02 "E_MPI_EndComm" "P#10_T#2102134528" "duration = 8855.317383 us -- len=8000000 bytes -- throughput=903.411987 MB/s"
12 2.2569371700000e+02 "ST_Thread" "P#10_T#2102134528"
11 2.2569476100000e+02 "ST_Thread" "P#10_T#2102134528" "STV_MPI_Send"
42 2.2569476800000e+02 "L_MPI_P2P" "C_Prog" "P#10_T#2102134528" "src=10, dest=11, len=8000000, tag=0" "10_11_                   0_0x7c3b70"
12 2.2574089600000e+02 "ST_Thread" "P#9_T#2060732160"
12 2.3430885500000e+02 "ST_Thread" "P#10_T#2102134528"
43 2.3440517900000e+02 "L_MPI_P2P" "C_Prog" "P#11_T#4208088832" "src=10, dest=11, len=8000000, tag=0" "10_11_                   0_0x7c3b70"
20 2.3440517900000e+02 "E_MPI_EndComm" "P#11_T#4208088832" "duration = 8710.411133 us -- len=8000000 bytes -- throughput=918.441162 MB/s"
12 2.3440517900000e+02 "ST_Thread" "P#11_T#4208088832"
42 2.3440611200000e+02 "L_MPI_P2P" "C_Prog" "P#11_T#4208088832" "src=11, dest=12, len=8000000, tag=0" "11_12_                   0_0x7deac0"
11 2.3440611400000e+02 "ST_Thread" "P#11_T#4208088832" "STV_MPI_Send"
43 2.4647137400000e+02 "L_MPI_P2P" "C_Prog" "P#12_T#3253004032" "src=11, dest=12, len=8000000, tag=0" "11_12_                   0_0x7deac0"
20 2.4647137400000e+02 "E_MPI_EndComm" "P#12_T#3253004032" "duration = 12065.261719 us -- len=8000000 bytes -- throughput=663.060608 MB/s"
12 2.4647137400000e+02 "ST_Thread" "P#12_T#3253004032"
42 2.4647227200000e+02 "L_MPI_P2P" "C_Prog" "P#12_T#3253004032" "src=12, dest=13, len=8000000, tag=0" "12_13_                   0_0x7f9a10"
11 2.4647227300000e+02 "ST_Thread" "P#12_T#3253004032" "STV_MPI_Send"
12 2.4650998200000e+02 "ST_Thread" "P#11_T#4208088832"
12 2.5488700100000e+02 "ST_Thread" "P#12_T#3253004032"
43 2.5494355200000e+02 "L_MPI_P2P" "C_Prog" "P#13_T#2185987840" "src=12, dest=13, len=8000000, tag=0" "12_13_                   0_0x7f9a10"
20 2.5494355200000e+02 "E_MPI_EndComm" "P#13_T#2185987840" "duration = 8471.280273 us -- len=8000000 bytes -- throughput=944.367310 MB/s"
12 2.5494355200000e+02 "ST_Thread" "P#13_T#2185987840"
42 2.5494441600000e+02 "L_MPI_P2P" "C_Prog" "P#13_T#2185987840" "src=13, dest=14, len=8000000, tag=0" "13_14_                   0_0x814780"
11 2.5494441900000e+02 "ST_Thread" "P#13_T#2185987840" "STV_MPI_Send"
12 2.6230925300000e+02 "ST_Thread" "P#13_T#2185987840"
43 2.6289980100000e+02 "L_MPI_P2P" "C_Prog" "P#14_T#1313924864" "src=13, dest=14, len=8000000, tag=0" "13_14_                   0_0x814780"
20 2.6289980100000e+02 "E_MPI_EndComm" "P#14_T#1313924864" "duration = 7955.384766 us -- len=8000000 bytes -- throughput=1005.608154 MB/s"
12 2.6289980100000e+02 "ST_Thread" "P#14_T#1313924864"
11 2.6290081200000e+02 "ST_Thread" "P#14_T#1313924864" "STV_MPI_Send"
42 2.6290081600000e+02 "L_MPI_P2P" "C_Prog" "P#14_T#1313924864" "src=14, dest=15, len=8000000, tag=0" "14_15_                   0_0x82f6d0"
43 3.8304600800000e+02 "L_MPI_P2P" "C_Prog" "P#15_T#1879209728" "src=14, dest=15, len=8000000, tag=0" "14_15_                   0_0x82f6d0"
20 3.8304600800000e+02 "E_MPI_EndComm" "P#15_T#1879209728" "duration = 120145.195312 us -- len=8000000 bytes -- throughput=66.586098 MB/s"
12 3.8304600800000e+02 "ST_Thread" "P#15_T#1879209728"
42 3.8304704000000e+02 "L_MPI_P2P" "C_Prog" "P#15_T#1879209728" "src=15, dest=16, len=8000000, tag=0" "15_16_                   0_0x84a620"
11 3.8304704100000e+02 "ST_Thread" "P#15_T#1879209728" "STV_MPI_Send"
12 3.8305075400000e+02 "ST_Thread" "P#14_T#1313924864"
43 3.8575176900000e+02 "L_MPI_P2P" "C_Prog" "P#16_T#2128221952" "src=15, dest=16, len=8000000, tag=0" "15_16_                   0_0x84a620"
20 3.8575176900000e+02 "E_MPI_EndComm" "P#16_T#2128221952" "duration = 2704.729004 us -- len=8000000 bytes -- throughput=2957.782471 MB/s"
12 3.8575176900000e+02 "ST_Thread" "P#16_T#2128221952"
11 3.8575257200000e+02 "ST_Thread" "P#16_T#2128221952" "STV_MPI_Send"
42 3.8575257600000e+02 "L_MPI_P2P" "C_Prog" "P#16_T#2128221952" "src=16, dest=17, len=8000000, tag=0" "16_17_                   0_0x865240"
12 3.8578696700000e+02 "ST_Thread" "P#15_T#1879209728"
12 3.8891708100000e+02 "ST_Thread" "P#16_T#2128221952"
43 3.8899588900000e+02 "L_MPI_P2P" "C_Prog" "P#17_T#4140701440" "src=16, dest=17, len=8000000, tag=0" "16_17_                   0_0x865240"
20 3.8899588900000e+02 "E_MPI_EndComm" "P#17_T#4140701440" "duration = 3243.312988 us -- len=8000000 bytes -- throughput=2466.613525 MB/s"
12 3.8899588900000e+02 "ST_Thread" "P#17_T#4140701440"
42 3.8899692800000e+02 "L_MPI_P2P" "C_Prog" "P#17_T#4140701440" "src=17, dest=18, len=8000000, tag=0" "17_18_                   0_0x880190"
11 3.8899693600000e+02 "ST_Thread" "P#17_T#4140701440" "STV_MPI_Send"
43 3.9168083300000e+02 "L_MPI_P2P" "C_Prog" "P#18_T#1991452416" "src=17, dest=18, len=8000000, tag=0" "17_18_                   0_0x880190"
20 3.9168083300000e+02 "E_MPI_EndComm" "P#18_T#1991452416" "duration = 2683.905029 us -- len=8000000 bytes -- throughput=2980.731445 MB/s"
12 3.9168083300000e+02 "ST_Thread" "P#18_T#1991452416"
11 3.9168188100000e+02 "ST_Thread" "P#18_T#1991452416" "STV_MPI_Send"
42 3.9168188800000e+02 "L_MPI_P2P" "C_Prog" "P#18_T#1991452416" "src=18, dest=19, len=8000000, tag=0" "18_19_                   0_0x89b0e0"
12 3.9171240500000e+02 "ST_Thread" "P#17_T#4140701440"
12 3.9491207800000e+02 "ST_Thread" "P#18_T#1991452416"
43 3.9492581200000e+02 "L_MPI_P2P" "C_Prog" "P#19_T#936892160" "src=18, dest=19, len=8000000, tag=0" "18_19_                   0_0x89b0e0"
20 3.9492581200000e+02 "E_MPI_EndComm" "P#19_T#936892160" "duration = 3243.924072 us -- len=8000000 bytes -- throughput=2466.148926 MB/s"
12 3.9492581200000e+02 "ST_Thread" "P#19_T#936892160"
42 3.9492646400000e+02 "L_MPI_P2P" "C_Prog" "P#19_T#936892160" "src=19, dest=0, len=8000000, tag=0" "19_0_                   0_0x69b6f0"
11 3.9492647900000e+02 "ST_Thread" "P#19_T#936892160" "STV_MPI_Send"
43 3.9661226000000e+02 "L_MPI_P2P" "C_Prog" "P#0_T#501421824" "src=19, dest=0, len=8000000, tag=0" "19_0_                   0_0x69b6f0"
20 3.9661226000000e+02 "E_MPI_EndComm" "P#0_T#501421824" "duration = 1685.796021 us -- len=8000000 bytes -- throughput=4745.532715 MB/s"
12 3.9661226000000e+02 "ST_Thread" "P#0_T#501421824"
12 3.9662198500000e+02 "ST_Thread" "P#19_T#936892160"
8 3.9876960500000e+02 "P#2_T#3726354176" "CT_Thread" 
8 3.9911648400000e+02 "P#4_T#3887265536" "CT_Thread" 
8 3.9940563600000e+02 "P#6_T#290473728" "CT_Thread" 
8 3.9948840200000e+02 "P#10_T#2102134528" "CT_Thread" 
8 3.9953982800000e+02 "P#9_T#2060732160" "CT_Thread" 
8 3.9989268100000e+02 "P#7_T#3720996608" "CT_Thread" 
8 4.0034007400000e+02 "P#13_T#2185987840" "CT_Thread" 
8 4.0034039800000e+02 "P#15_T#1879209728" "CT_Thread" 
8 4.0049123600000e+02 "P#12_T#3253004032" "CT_Thread" 
8 4.0061406400000e+02 "P#1_T#291788544" "CT_Thread" 
8 4.0067411300000e+02 "P#17_T#4140701440" "CT_Thread" 
8 4.0068577900000e+02 "P#11_T#4208088832" "CT_Thread" 
8 4.0085288700000e+02 "P#5_T#2345101056" "CT_Thread" 
8 4.0091431700000e+02 "P#19_T#936892160" "CT_Thread" 
8 4.0093707500000e+02 "P#3_T#1049495296" "CT_Thread" 
8 4.0113528400000e+02 "P#16_T#2128221952" "CT_Thread" 
8 4.0118709100000e+02 "P#14_T#1313924864" "CT_Thread" 
8 4.0123714500000e+02 "P#8_T#974477056" "CT_Thread" 
8 4.0309750400000e+02 "P#18_T#1991452416" "CT_Thread" 
8 4.0318469600000e+02 "P#0_T#501421824" "CT_Thread" 
